[info] 2022-06-28T10:52:38.012187Z nonode@nohost <0.250.0> -------- Preflight check: Checking For Monsters

[info] 2022-06-28T10:52:38.012941Z nonode@nohost <0.250.0> -------- Preflight check: Asserting Admin Account

[info] 2022-06-28T10:52:38.014769Z nonode@nohost <0.250.0> -------- Apache CouchDB 3.2.2 is starting.

[info] 2022-06-28T10:52:38.014853Z nonode@nohost <0.251.0> -------- Starting couch_sup
[notice] 2022-06-28T10:52:38.022241Z nonode@nohost <0.104.0> -------- config: [admins] admin set to '****' for reason nil
[info] 2022-06-28T10:52:38.058570Z nonode@nohost <0.250.0> -------- Apache CouchDB has started. Time to relax.

[notice] 2022-06-28T10:52:38.064081Z nonode@nohost <0.316.0> -------- rexi_server : started servers
[notice] 2022-06-28T10:52:38.065140Z nonode@nohost <0.320.0> -------- rexi_buffer : started servers
[warning] 2022-06-28T10:52:38.079274Z nonode@nohost <0.328.0> -------- creating missing database: _nodes
[info] 2022-06-28T10:52:38.079328Z nonode@nohost <0.329.0> -------- open_result error {not_found,no_db_file} for _nodes
[warning] 2022-06-28T10:52:38.136330Z nonode@nohost <0.343.0> -------- creating missing database: _dbs
[warning] 2022-06-28T10:52:38.136330Z nonode@nohost <0.344.0> -------- creating missing database: _dbs
[info] 2022-06-28T10:52:38.136385Z nonode@nohost <0.346.0> -------- open_result error {not_found,no_db_file} for _dbs
[notice] 2022-06-28T10:52:38.160731Z nonode@nohost <0.358.0> -------- mem3_reshard_dbdoc start init()
[notice] 2022-06-28T10:52:38.163388Z nonode@nohost <0.360.0> -------- mem3_reshard start init()
[notice] 2022-06-28T10:52:38.163486Z nonode@nohost <0.361.0> -------- mem3_reshard db monitor <0.361.0> starting
[notice] 2022-06-28T10:52:38.165004Z nonode@nohost <0.360.0> -------- mem3_reshard starting reloading jobs
[notice] 2022-06-28T10:52:38.165275Z nonode@nohost <0.360.0> -------- mem3_reshard finished reloading jobs
[info] 2022-06-28T10:52:38.181705Z nonode@nohost <0.367.0> -------- Apache CouchDB has started. Time to relax.

[info] 2022-06-28T10:52:38.181757Z nonode@nohost <0.367.0> -------- Apache CouchDB has started on http://any:5984/
[notice] 2022-06-28T10:52:38.187358Z nonode@nohost <0.390.0> -------- chttpd_auth_cache changes listener died because the _users database does not exist. Create the database to silence this notice.
[error] 2022-06-28T10:52:38.187487Z nonode@nohost emulator -------- Error in process <0.391.0> with exit value:
{database_does_not_exist,[{mem3_shards,load_shards_from_db,"_users",[{file,"src/mem3_shards.erl"},{line,400}]},{mem3_shards,load_shards_from_disk,1,[{file,"src/mem3_shards.erl"},{line,375}]},{mem3_shards,load_shards_from_disk,2,[{file,"src/mem3_shards.erl"},{line,404}]},{mem3_shards,for_docid,3,[{file,"src/mem3_shards.erl"},{line,97}]},{fabric_doc_open,go,3,[{file,"src/fabric_doc_open.erl"},{line,39}]},{chttpd_auth_cache,ensure_auth_ddoc_exists,2,[{file,"src/chttpd_auth_cache.erl"},{line,198}]},{chttpd_auth_cache,listen_for_changes,1,[{file,"src/chttpd_auth_cache.erl"},{line,145}]}]}

[error] 2022-06-28T10:52:38.187608Z nonode@nohost emulator -------- Error in process <0.391.0> with exit value:
{database_does_not_exist,[{mem3_shards,load_shards_from_db,"_users",[{file,"src/mem3_shards.erl"},{line,400}]},{mem3_shards,load_shards_from_disk,1,[{file,"src/mem3_shards.erl"},{line,375}]},{mem3_shards,load_shards_from_disk,2,[{file,"src/mem3_shards.erl"},{line,404}]},{mem3_shards,for_docid,3,[{file,"src/mem3_shards.erl"},{line,97}]},{fabric_doc_open,go,3,[{file,"src/fabric_doc_open.erl"},{line,39}]},{chttpd_auth_cache,ensure_auth_ddoc_exists,2,[{file,"src/chttpd_auth_cache.erl"},{line,198}]},{chttpd_auth_cache,listen_for_changes,1,[{file,"src/chttpd_auth_cache.erl"},{line,145}]}]}

[notice] 2022-06-28T10:52:38.210036Z nonode@nohost <0.438.0> -------- Missing system database _users
[notice] 2022-06-28T10:52:43.188630Z nonode@nohost <0.390.0> -------- chttpd_auth_cache changes listener died because the _users database does not exist. Create the database to silence this notice.
[error] 2022-06-28T10:52:43.188781Z nonode@nohost emulator -------- Error in process <0.540.0> with exit value:
{database_does_not_exist,[{mem3_shards,load_shards_from_db,"_users",[{file,"src/mem3_shards.erl"},{line,400}]},{mem3_shards,load_shards_from_disk,1,[{file,"src/mem3_shards.erl"},{line,375}]},{mem3_shards,load_shards_from_disk,2,[{file,"src/mem3_shards.erl"},{line,404}]},{mem3_shards,for_docid,3,[{file,"src/mem3_shards.erl"},{line,97}]},{fabric_doc_open,go,3,[{file,"src/fabric_doc_open.erl"},{line,39}]},{chttpd_auth_cache,ensure_auth_ddoc_exists,2,[{file,"src/chttpd_auth_cache.erl"},{line,198}]},{chttpd_auth_cache,listen_for_changes,1,[{file,"src/chttpd_auth_cache.erl"},{line,145}]}]}

[error] 2022-06-28T10:52:43.188884Z nonode@nohost emulator -------- Error in process <0.540.0> with exit value:
{database_does_not_exist,[{mem3_shards,load_shards_from_db,"_users",[{file,"src/mem3_shards.erl"},{line,400}]},{mem3_shards,load_shards_from_disk,1,[{file,"src/mem3_shards.erl"},{line,375}]},{mem3_shards,load_shards_from_disk,2,[{file,"src/mem3_shards.erl"},{line,404}]},{mem3_shards,for_docid,3,[{file,"src/mem3_shards.erl"},{line,97}]},{fabric_doc_open,go,3,[{file,"src/fabric_doc_open.erl"},{line,39}]},{chttpd_auth_cache,ensure_auth_ddoc_exists,2,[{file,"src/chttpd_auth_cache.erl"},{line,198}]},{chttpd_auth_cache,listen_for_changes,1,[{file,"src/chttpd_auth_cache.erl"},{line,145}]}]}

[notice] 2022-06-28T10:52:43.191428Z nonode@nohost <0.412.0> -------- couch_replicator_clustering : cluster stable
[notice] 2022-06-28T10:52:43.193215Z nonode@nohost <0.422.0> -------- Started replicator db changes listener <0.541.0>
[info] 2022-06-28T10:52:43.193629Z nonode@nohost <0.543.0> -------- open_result error {not_found,no_db_file} for _replicator
[notice] 2022-06-28T10:52:48.189583Z nonode@nohost <0.390.0> -------- chttpd_auth_cache changes listener died because the _users database does not exist. Create the database to silence this notice.
[error] 2022-06-28T10:52:48.189745Z nonode@nohost emulator -------- Error in process <0.595.0> with exit value:
{database_does_not_exist,[{mem3_shards,load_shards_from_db,"_users",[{file,"src/mem3_shards.erl"},{line,400}]},{mem3_shards,load_shards_from_disk,1,[{file,"src/mem3_shards.erl"},{line,375}]},{mem3_shards,load_shards_from_disk,2,[{file,"src/mem3_shards.erl"},{line,404}]},{mem3_shards,for_docid,3,[{file,"src/mem3_shards.erl"},{line,97}]},{fabric_doc_open,go,3,[{file,"src/fabric_doc_open.erl"},{line,39}]},{chttpd_auth_cache,ensure_auth_ddoc_exists,2,[{file,"src/chttpd_auth_cache.erl"},{line,198}]},{chttpd_auth_cache,listen_for_changes,1,[{file,"src/chttpd_auth_cache.erl"},{line,145}]}]}

[error] 2022-06-28T10:52:48.189861Z nonode@nohost emulator -------- Error in process <0.595.0> with exit value:
{database_does_not_exist,[{mem3_shards,load_shards_from_db,"_users",[{file,"src/mem3_shards.erl"},{line,400}]},{mem3_shards,load_shards_from_disk,1,[{file,"src/mem3_shards.erl"},{line,375}]},{mem3_shards,load_shards_from_disk,2,[{file,"src/mem3_shards.erl"},{line,404}]},{mem3_shards,for_docid,3,[{file,"src/mem3_shards.erl"},{line,97}]},{fabric_doc_open,go,3,[{file,"src/fabric_doc_open.erl"},{line,39}]},{chttpd_auth_cache,ensure_auth_ddoc_exists,2,[{file,"src/chttpd_auth_cache.erl"},{line,198}]},{chttpd_auth_cache,listen_for_changes,1,[{file,"src/chttpd_auth_cache.erl"},{line,145}]}]}

[notice] 2022-06-28T10:52:53.064440Z nonode@nohost <0.316.0> -------- rexi_server : cluster stable
[notice] 2022-06-28T10:52:53.064486Z nonode@nohost <0.320.0> -------- rexi_buffer : cluster stable
[notice] 2022-06-28T10:52:53.190668Z nonode@nohost <0.390.0> -------- chttpd_auth_cache changes listener died because the _users database does not exist. Create the database to silence this notice.
[error] 2022-06-28T10:52:53.190841Z nonode@nohost emulator -------- Error in process <0.628.0> with exit value:
{database_does_not_exist,[{mem3_shards,load_shards_from_db,"_users",[{file,"src/mem3_shards.erl"},{line,400}]},{mem3_shards,load_shards_from_disk,1,[{file,"src/mem3_shards.erl"},{line,375}]},{mem3_shards,load_shards_from_disk,2,[{file,"src/mem3_shards.erl"},{line,404}]},{mem3_shards,for_docid,3,[{file,"src/mem3_shards.erl"},{line,97}]},{fabric_doc_open,go,3,[{file,"src/fabric_doc_open.erl"},{line,39}]},{chttpd_auth_cache,ensure_auth_ddoc_exists,2,[{file,"src/chttpd_auth_cache.erl"},{line,198}]},{chttpd_auth_cache,listen_for_changes,1,[{file,"src/chttpd_auth_cache.erl"},{line,145}]}]}

[error] 2022-06-28T10:52:53.190925Z nonode@nohost emulator -------- Error in process <0.628.0> with exit value:
{database_does_not_exist,[{mem3_shards,load_shards_from_db,"_users",[{file,"src/mem3_shards.erl"},{line,400}]},{mem3_shards,load_shards_from_disk,1,[{file,"src/mem3_shards.erl"},{line,375}]},{mem3_shards,load_shards_from_disk,2,[{file,"src/mem3_shards.erl"},{line,404}]},{mem3_shards,for_docid,3,[{file,"src/mem3_shards.erl"},{line,97}]},{fabric_doc_open,go,3,[{file,"src/fabric_doc_open.erl"},{line,39}]},{chttpd_auth_cache,ensure_auth_ddoc_exists,2,[{file,"src/chttpd_auth_cache.erl"},{line,198}]},{chttpd_auth_cache,listen_for_changes,1,[{file,"src/chttpd_auth_cache.erl"},{line,145}]}]}

[notice] 2022-06-28T10:52:58.191650Z nonode@nohost <0.390.0> -------- chttpd_auth_cache changes listener died because the _users database does not exist. Create the database to silence this notice.
[error] 2022-06-28T10:52:58.191987Z nonode@nohost emulator -------- Error in process <0.677.0> with exit value:
{database_does_not_exist,[{mem3_shards,load_shards_from_db,"_users",[{file,"src/mem3_shards.erl"},{line,400}]},{mem3_shards,load_shards_from_disk,1,[{file,"src/mem3_shards.erl"},{line,375}]},{mem3_shards,load_shards_from_disk,2,[{file,"src/mem3_shards.erl"},{line,404}]},{mem3_shards,for_docid,3,[{file,"src/mem3_shards.erl"},{line,97}]},{fabric_doc_open,go,3,[{file,"src/fabric_doc_open.erl"},{line,39}]},{chttpd_auth_cache,ensure_auth_ddoc_exists,2,[{file,"src/chttpd_auth_cache.erl"},{line,198}]},{chttpd_auth_cache,listen_for_changes,1,[{file,"src/chttpd_auth_cache.erl"},{line,145}]}]}

[error] 2022-06-28T10:52:58.192173Z nonode@nohost emulator -------- Error in process <0.677.0> with exit value:
{database_does_not_exist,[{mem3_shards,load_shards_from_db,"_users",[{file,"src/mem3_shards.erl"},{line,400}]},{mem3_shards,load_shards_from_disk,1,[{file,"src/mem3_shards.erl"},{line,375}]},{mem3_shards,load_shards_from_disk,2,[{file,"src/mem3_shards.erl"},{line,404}]},{mem3_shards,for_docid,3,[{file,"src/mem3_shards.erl"},{line,97}]},{fabric_doc_open,go,3,[{file,"src/fabric_doc_open.erl"},{line,39}]},{chttpd_auth_cache,ensure_auth_ddoc_exists,2,[{file,"src/chttpd_auth_cache.erl"},{line,198}]},{chttpd_auth_cache,listen_for_changes,1,[{file,"src/chttpd_auth_cache.erl"},{line,145}]}]}

[notice] 2022-06-28T10:53:03.192813Z nonode@nohost <0.390.0> -------- chttpd_auth_cache changes listener died because the _users database does not exist. Create the database to silence this notice.
[error] 2022-06-28T10:53:03.193228Z nonode@nohost emulator -------- Error in process <0.710.0> with exit value:
{database_does_not_exist,[{mem3_shards,load_shards_from_db,"_users",[{file,"src/mem3_shards.erl"},{line,400}]},{mem3_shards,load_shards_from_disk,1,[{file,"src/mem3_shards.erl"},{line,375}]},{mem3_shards,load_shards_from_disk,2,[{file,"src/mem3_shards.erl"},{line,404}]},{mem3_shards,for_docid,3,[{file,"src/mem3_shards.erl"},{line,97}]},{fabric_doc_open,go,3,[{file,"src/fabric_doc_open.erl"},{line,39}]},{chttpd_auth_cache,ensure_auth_ddoc_exists,2,[{file,"src/chttpd_auth_cache.erl"},{line,198}]},{chttpd_auth_cache,listen_for_changes,1,[{file,"src/chttpd_auth_cache.erl"},{line,145}]}]}

[error] 2022-06-28T10:53:03.193431Z nonode@nohost emulator -------- Error in process <0.710.0> with exit value:
{database_does_not_exist,[{mem3_shards,load_shards_from_db,"_users",[{file,"src/mem3_shards.erl"},{line,400}]},{mem3_shards,load_shards_from_disk,1,[{file,"src/mem3_shards.erl"},{line,375}]},{mem3_shards,load_shards_from_disk,2,[{file,"src/mem3_shards.erl"},{line,404}]},{mem3_shards,for_docid,3,[{file,"src/mem3_shards.erl"},{line,97}]},{fabric_doc_open,go,3,[{file,"src/fabric_doc_open.erl"},{line,39}]},{chttpd_auth_cache,ensure_auth_ddoc_exists,2,[{file,"src/chttpd_auth_cache.erl"},{line,198}]},{chttpd_auth_cache,listen_for_changes,1,[{file,"src/chttpd_auth_cache.erl"},{line,145}]}]}

[notice] 2022-06-28T10:53:08.193713Z nonode@nohost <0.390.0> -------- chttpd_auth_cache changes listener died because the _users database does not exist. Create the database to silence this notice.
[error] 2022-06-28T10:53:08.194071Z nonode@nohost emulator -------- Error in process <0.743.0> with exit value:
{database_does_not_exist,[{mem3_shards,load_shards_from_db,"_users",[{file,"src/mem3_shards.erl"},{line,400}]},{mem3_shards,load_shards_from_disk,1,[{file,"src/mem3_shards.erl"},{line,375}]},{mem3_shards,load_shards_from_disk,2,[{file,"src/mem3_shards.erl"},{line,404}]},{mem3_shards,for_docid,3,[{file,"src/mem3_shards.erl"},{line,97}]},{fabric_doc_open,go,3,[{file,"src/fabric_doc_open.erl"},{line,39}]},{chttpd_auth_cache,ensure_auth_ddoc_exists,2,[{file,"src/chttpd_auth_cache.erl"},{line,198}]},{chttpd_auth_cache,listen_for_changes,1,[{file,"src/chttpd_auth_cache.erl"},{line,145}]}]}

[error] 2022-06-28T10:53:08.194229Z nonode@nohost emulator -------- Error in process <0.743.0> with exit value:
{database_does_not_exist,[{mem3_shards,load_shards_from_db,"_users",[{file,"src/mem3_shards.erl"},{line,400}]},{mem3_shards,load_shards_from_disk,1,[{file,"src/mem3_shards.erl"},{line,375}]},{mem3_shards,load_shards_from_disk,2,[{file,"src/mem3_shards.erl"},{line,404}]},{mem3_shards,for_docid,3,[{file,"src/mem3_shards.erl"},{line,97}]},{fabric_doc_open,go,3,[{file,"src/fabric_doc_open.erl"},{line,39}]},{chttpd_auth_cache,ensure_auth_ddoc_exists,2,[{file,"src/chttpd_auth_cache.erl"},{line,198}]},{chttpd_auth_cache,listen_for_changes,1,[{file,"src/chttpd_auth_cache.erl"},{line,145}]}]}

[notice] 2022-06-28T10:53:13.194623Z nonode@nohost <0.390.0> -------- chttpd_auth_cache changes listener died because the _users database does not exist. Create the database to silence this notice.
[error] 2022-06-28T10:53:13.194859Z nonode@nohost emulator -------- Error in process <0.792.0> with exit value:
{database_does_not_exist,[{mem3_shards,load_shards_from_db,"_users",[{file,"src/mem3_shards.erl"},{line,400}]},{mem3_shards,load_shards_from_disk,1,[{file,"src/mem3_shards.erl"},{line,375}]},{mem3_shards,load_shards_from_disk,2,[{file,"src/mem3_shards.erl"},{line,404}]},{mem3_shards,for_docid,3,[{file,"src/mem3_shards.erl"},{line,97}]},{fabric_doc_open,go,3,[{file,"src/fabric_doc_open.erl"},{line,39}]},{chttpd_auth_cache,ensure_auth_ddoc_exists,2,[{file,"src/chttpd_auth_cache.erl"},{line,198}]},{chttpd_auth_cache,listen_for_changes,1,[{file,"src/chttpd_auth_cache.erl"},{line,145}]}]}

[error] 2022-06-28T10:53:13.194975Z nonode@nohost emulator -------- Error in process <0.792.0> with exit value:
{database_does_not_exist,[{mem3_shards,load_shards_from_db,"_users",[{file,"src/mem3_shards.erl"},{line,400}]},{mem3_shards,load_shards_from_disk,1,[{file,"src/mem3_shards.erl"},{line,375}]},{mem3_shards,load_shards_from_disk,2,[{file,"src/mem3_shards.erl"},{line,404}]},{mem3_shards,for_docid,3,[{file,"src/mem3_shards.erl"},{line,97}]},{fabric_doc_open,go,3,[{file,"src/fabric_doc_open.erl"},{line,39}]},{chttpd_auth_cache,ensure_auth_ddoc_exists,2,[{file,"src/chttpd_auth_cache.erl"},{line,198}]},{chttpd_auth_cache,listen_for_changes,1,[{file,"src/chttpd_auth_cache.erl"},{line,145}]}]}

[notice] 2022-06-28T10:53:18.195745Z nonode@nohost <0.390.0> -------- chttpd_auth_cache changes listener died because the _users database does not exist. Create the database to silence this notice.
[error] 2022-06-28T10:53:18.196100Z nonode@nohost emulator -------- Error in process <0.825.0> with exit value:
{database_does_not_exist,[{mem3_shards,load_shards_from_db,"_users",[{file,"src/mem3_shards.erl"},{line,400}]},{mem3_shards,load_shards_from_disk,1,[{file,"src/mem3_shards.erl"},{line,375}]},{mem3_shards,load_shards_from_disk,2,[{file,"src/mem3_shards.erl"},{line,404}]},{mem3_shards,for_docid,3,[{file,"src/mem3_shards.erl"},{line,97}]},{fabric_doc_open,go,3,[{file,"src/fabric_doc_open.erl"},{line,39}]},{chttpd_auth_cache,ensure_auth_ddoc_exists,2,[{file,"src/chttpd_auth_cache.erl"},{line,198}]},{chttpd_auth_cache,listen_for_changes,1,[{file,"src/chttpd_auth_cache.erl"},{line,145}]}]}

[error] 2022-06-28T10:53:18.196276Z nonode@nohost emulator -------- Error in process <0.825.0> with exit value:
{database_does_not_exist,[{mem3_shards,load_shards_from_db,"_users",[{file,"src/mem3_shards.erl"},{line,400}]},{mem3_shards,load_shards_from_disk,1,[{file,"src/mem3_shards.erl"},{line,375}]},{mem3_shards,load_shards_from_disk,2,[{file,"src/mem3_shards.erl"},{line,404}]},{mem3_shards,for_docid,3,[{file,"src/mem3_shards.erl"},{line,97}]},{fabric_doc_open,go,3,[{file,"src/fabric_doc_open.erl"},{line,39}]},{chttpd_auth_cache,ensure_auth_ddoc_exists,2,[{file,"src/chttpd_auth_cache.erl"},{line,198}]},{chttpd_auth_cache,listen_for_changes,1,[{file,"src/chttpd_auth_cache.erl"},{line,145}]}]}

[notice] 2022-06-28T10:53:23.196856Z nonode@nohost <0.390.0> -------- chttpd_auth_cache changes listener died because the _users database does not exist. Create the database to silence this notice.
[error] 2022-06-28T10:53:23.197190Z nonode@nohost emulator -------- Error in process <0.874.0> with exit value:
{database_does_not_exist,[{mem3_shards,load_shards_from_db,"_users",[{file,"src/mem3_shards.erl"},{line,400}]},{mem3_shards,load_shards_from_disk,1,[{file,"src/mem3_shards.erl"},{line,375}]},{mem3_shards,load_shards_from_disk,2,[{file,"src/mem3_shards.erl"},{line,404}]},{mem3_shards,for_docid,3,[{file,"src/mem3_shards.erl"},{line,97}]},{fabric_doc_open,go,3,[{file,"src/fabric_doc_open.erl"},{line,39}]},{chttpd_auth_cache,ensure_auth_ddoc_exists,2,[{file,"src/chttpd_auth_cache.erl"},{line,198}]},{chttpd_auth_cache,listen_for_changes,1,[{file,"src/chttpd_auth_cache.erl"},{line,145}]}]}

[error] 2022-06-28T10:53:23.197351Z nonode@nohost emulator -------- Error in process <0.874.0> with exit value:
{database_does_not_exist,[{mem3_shards,load_shards_from_db,"_users",[{file,"src/mem3_shards.erl"},{line,400}]},{mem3_shards,load_shards_from_disk,1,[{file,"src/mem3_shards.erl"},{line,375}]},{mem3_shards,load_shards_from_disk,2,[{file,"src/mem3_shards.erl"},{line,404}]},{mem3_shards,for_docid,3,[{file,"src/mem3_shards.erl"},{line,97}]},{fabric_doc_open,go,3,[{file,"src/fabric_doc_open.erl"},{line,39}]},{chttpd_auth_cache,ensure_auth_ddoc_exists,2,[{file,"src/chttpd_auth_cache.erl"},{line,198}]},{chttpd_auth_cache,listen_for_changes,1,[{file,"src/chttpd_auth_cache.erl"},{line,145}]}]}

[notice] 2022-06-28T10:53:28.197563Z nonode@nohost <0.390.0> -------- chttpd_auth_cache changes listener died because the _users database does not exist. Create the database to silence this notice.
[error] 2022-06-28T10:53:28.197818Z nonode@nohost emulator -------- Error in process <0.907.0> with exit value:
{database_does_not_exist,[{mem3_shards,load_shards_from_db,"_users",[{file,"src/mem3_shards.erl"},{line,400}]},{mem3_shards,load_shards_from_disk,1,[{file,"src/mem3_shards.erl"},{line,375}]},{mem3_shards,load_shards_from_disk,2,[{file,"src/mem3_shards.erl"},{line,404}]},{mem3_shards,for_docid,3,[{file,"src/mem3_shards.erl"},{line,97}]},{fabric_doc_open,go,3,[{file,"src/fabric_doc_open.erl"},{line,39}]},{chttpd_auth_cache,ensure_auth_ddoc_exists,2,[{file,"src/chttpd_auth_cache.erl"},{line,198}]},{chttpd_auth_cache,listen_for_changes,1,[{file,"src/chttpd_auth_cache.erl"},{line,145}]}]}

[error] 2022-06-28T10:53:28.197919Z nonode@nohost emulator -------- Error in process <0.907.0> with exit value:
{database_does_not_exist,[{mem3_shards,load_shards_from_db,"_users",[{file,"src/mem3_shards.erl"},{line,400}]},{mem3_shards,load_shards_from_disk,1,[{file,"src/mem3_shards.erl"},{line,375}]},{mem3_shards,load_shards_from_disk,2,[{file,"src/mem3_shards.erl"},{line,404}]},{mem3_shards,for_docid,3,[{file,"src/mem3_shards.erl"},{line,97}]},{fabric_doc_open,go,3,[{file,"src/fabric_doc_open.erl"},{line,39}]},{chttpd_auth_cache,ensure_auth_ddoc_exists,2,[{file,"src/chttpd_auth_cache.erl"},{line,198}]},{chttpd_auth_cache,listen_for_changes,1,[{file,"src/chttpd_auth_cache.erl"},{line,145}]}]}

[notice] 2022-06-28T10:53:33.198702Z nonode@nohost <0.390.0> -------- chttpd_auth_cache changes listener died because the _users database does not exist. Create the database to silence this notice.
[error] 2022-06-28T10:53:33.199141Z nonode@nohost emulator -------- Error in process <0.956.0> with exit value:
{database_does_not_exist,[{mem3_shards,load_shards_from_db,"_users",[{file,"src/mem3_shards.erl"},{line,400}]},{mem3_shards,load_shards_from_disk,1,[{file,"src/mem3_shards.erl"},{line,375}]},{mem3_shards,load_shards_from_disk,2,[{file,"src/mem3_shards.erl"},{line,404}]},{mem3_shards,for_docid,3,[{file,"src/mem3_shards.erl"},{line,97}]},{fabric_doc_open,go,3,[{file,"src/fabric_doc_open.erl"},{line,39}]},{chttpd_auth_cache,ensure_auth_ddoc_exists,2,[{file,"src/chttpd_auth_cache.erl"},{line,198}]},{chttpd_auth_cache,listen_for_changes,1,[{file,"src/chttpd_auth_cache.erl"},{line,145}]}]}

[error] 2022-06-28T10:53:33.199339Z nonode@nohost emulator -------- Error in process <0.956.0> with exit value:
{database_does_not_exist,[{mem3_shards,load_shards_from_db,"_users",[{file,"src/mem3_shards.erl"},{line,400}]},{mem3_shards,load_shards_from_disk,1,[{file,"src/mem3_shards.erl"},{line,375}]},{mem3_shards,load_shards_from_disk,2,[{file,"src/mem3_shards.erl"},{line,404}]},{mem3_shards,for_docid,3,[{file,"src/mem3_shards.erl"},{line,97}]},{fabric_doc_open,go,3,[{file,"src/fabric_doc_open.erl"},{line,39}]},{chttpd_auth_cache,ensure_auth_ddoc_exists,2,[{file,"src/chttpd_auth_cache.erl"},{line,198}]},{chttpd_auth_cache,listen_for_changes,1,[{file,"src/chttpd_auth_cache.erl"},{line,145}]}]}

[notice] 2022-06-28T10:53:38.199611Z nonode@nohost <0.390.0> -------- chttpd_auth_cache changes listener died because the _users database does not exist. Create the database to silence this notice.
[error] 2022-06-28T10:53:38.199967Z nonode@nohost emulator -------- Error in process <0.989.0> with exit value:
{database_does_not_exist,[{mem3_shards,load_shards_from_db,"_users",[{file,"src/mem3_shards.erl"},{line,400}]},{mem3_shards,load_shards_from_disk,1,[{file,"src/mem3_shards.erl"},{line,375}]},{mem3_shards,load_shards_from_disk,2,[{file,"src/mem3_shards.erl"},{line,404}]},{mem3_shards,for_docid,3,[{file,"src/mem3_shards.erl"},{line,97}]},{fabric_doc_open,go,3,[{file,"src/fabric_doc_open.erl"},{line,39}]},{chttpd_auth_cache,ensure_auth_ddoc_exists,2,[{file,"src/chttpd_auth_cache.erl"},{line,198}]},{chttpd_auth_cache,listen_for_changes,1,[{file,"src/chttpd_auth_cache.erl"},{line,145}]}]}

[error] 2022-06-28T10:53:38.200079Z nonode@nohost emulator -------- Error in process <0.989.0> with exit value:
{database_does_not_exist,[{mem3_shards,load_shards_from_db,"_users",[{file,"src/mem3_shards.erl"},{line,400}]},{mem3_shards,load_shards_from_disk,1,[{file,"src/mem3_shards.erl"},{line,375}]},{mem3_shards,load_shards_from_disk,2,[{file,"src/mem3_shards.erl"},{line,404}]},{mem3_shards,for_docid,3,[{file,"src/mem3_shards.erl"},{line,97}]},{fabric_doc_open,go,3,[{file,"src/fabric_doc_open.erl"},{line,39}]},{chttpd_auth_cache,ensure_auth_ddoc_exists,2,[{file,"src/chttpd_auth_cache.erl"},{line,198}]},{chttpd_auth_cache,listen_for_changes,1,[{file,"src/chttpd_auth_cache.erl"},{line,145}]}]}

[notice] 2022-06-28T10:53:43.200591Z nonode@nohost <0.390.0> -------- chttpd_auth_cache changes listener died because the _users database does not exist. Create the database to silence this notice.
[error] 2022-06-28T10:53:43.200840Z nonode@nohost emulator -------- Error in process <0.1038.0> with exit value:
{database_does_not_exist,[{mem3_shards,load_shards_from_db,"_users",[{file,"src/mem3_shards.erl"},{line,400}]},{mem3_shards,load_shards_from_disk,1,[{file,"src/mem3_shards.erl"},{line,375}]},{mem3_shards,load_shards_from_disk,2,[{file,"src/mem3_shards.erl"},{line,404}]},{mem3_shards,for_docid,3,[{file,"src/mem3_shards.erl"},{line,97}]},{fabric_doc_open,go,3,[{file,"src/fabric_doc_open.erl"},{line,39}]},{chttpd_auth_cache,ensure_auth_ddoc_exists,2,[{file,"src/chttpd_auth_cache.erl"},{line,198}]},{chttpd_auth_cache,listen_for_changes,1,[{file,"src/chttpd_auth_cache.erl"},{line,145}]}]}

[error] 2022-06-28T10:53:43.200957Z nonode@nohost emulator -------- Error in process <0.1038.0> with exit value:
{database_does_not_exist,[{mem3_shards,load_shards_from_db,"_users",[{file,"src/mem3_shards.erl"},{line,400}]},{mem3_shards,load_shards_from_disk,1,[{file,"src/mem3_shards.erl"},{line,375}]},{mem3_shards,load_shards_from_disk,2,[{file,"src/mem3_shards.erl"},{line,404}]},{mem3_shards,for_docid,3,[{file,"src/mem3_shards.erl"},{line,97}]},{fabric_doc_open,go,3,[{file,"src/fabric_doc_open.erl"},{line,39}]},{chttpd_auth_cache,ensure_auth_ddoc_exists,2,[{file,"src/chttpd_auth_cache.erl"},{line,198}]},{chttpd_auth_cache,listen_for_changes,1,[{file,"src/chttpd_auth_cache.erl"},{line,145}]}]}

[notice] 2022-06-28T10:53:48.201666Z nonode@nohost <0.390.0> -------- chttpd_auth_cache changes listener died because the _users database does not exist. Create the database to silence this notice.
[error] 2022-06-28T10:53:48.201949Z nonode@nohost emulator -------- Error in process <0.1071.0> with exit value:
{database_does_not_exist,[{mem3_shards,load_shards_from_db,"_users",[{file,"src/mem3_shards.erl"},{line,400}]},{mem3_shards,load_shards_from_disk,1,[{file,"src/mem3_shards.erl"},{line,375}]},{mem3_shards,load_shards_from_disk,2,[{file,"src/mem3_shards.erl"},{line,404}]},{mem3_shards,for_docid,3,[{file,"src/mem3_shards.erl"},{line,97}]},{fabric_doc_open,go,3,[{file,"src/fabric_doc_open.erl"},{line,39}]},{chttpd_auth_cache,ensure_auth_ddoc_exists,2,[{file,"src/chttpd_auth_cache.erl"},{line,198}]},{chttpd_auth_cache,listen_for_changes,1,[{file,"src/chttpd_auth_cache.erl"},{line,145}]}]}

[error] 2022-06-28T10:53:48.202062Z nonode@nohost emulator -------- Error in process <0.1071.0> with exit value:
{database_does_not_exist,[{mem3_shards,load_shards_from_db,"_users",[{file,"src/mem3_shards.erl"},{line,400}]},{mem3_shards,load_shards_from_disk,1,[{file,"src/mem3_shards.erl"},{line,375}]},{mem3_shards,load_shards_from_disk,2,[{file,"src/mem3_shards.erl"},{line,404}]},{mem3_shards,for_docid,3,[{file,"src/mem3_shards.erl"},{line,97}]},{fabric_doc_open,go,3,[{file,"src/fabric_doc_open.erl"},{line,39}]},{chttpd_auth_cache,ensure_auth_ddoc_exists,2,[{file,"src/chttpd_auth_cache.erl"},{line,198}]},{chttpd_auth_cache,listen_for_changes,1,[{file,"src/chttpd_auth_cache.erl"},{line,145}]}]}

[notice] 2022-06-28T10:53:53.202675Z nonode@nohost <0.390.0> -------- chttpd_auth_cache changes listener died because the _users database does not exist. Create the database to silence this notice.
[error] 2022-06-28T10:53:53.202896Z nonode@nohost emulator -------- Error in process <0.1120.0> with exit value:
{database_does_not_exist,[{mem3_shards,load_shards_from_db,"_users",[{file,"src/mem3_shards.erl"},{line,400}]},{mem3_shards,load_shards_from_disk,1,[{file,"src/mem3_shards.erl"},{line,375}]},{mem3_shards,load_shards_from_disk,2,[{file,"src/mem3_shards.erl"},{line,404}]},{mem3_shards,for_docid,3,[{file,"src/mem3_shards.erl"},{line,97}]},{fabric_doc_open,go,3,[{file,"src/fabric_doc_open.erl"},{line,39}]},{chttpd_auth_cache,ensure_auth_ddoc_exists,2,[{file,"src/chttpd_auth_cache.erl"},{line,198}]},{chttpd_auth_cache,listen_for_changes,1,[{file,"src/chttpd_auth_cache.erl"},{line,145}]}]}

[error] 2022-06-28T10:53:53.202992Z nonode@nohost emulator -------- Error in process <0.1120.0> with exit value:
{database_does_not_exist,[{mem3_shards,load_shards_from_db,"_users",[{file,"src/mem3_shards.erl"},{line,400}]},{mem3_shards,load_shards_from_disk,1,[{file,"src/mem3_shards.erl"},{line,375}]},{mem3_shards,load_shards_from_disk,2,[{file,"src/mem3_shards.erl"},{line,404}]},{mem3_shards,for_docid,3,[{file,"src/mem3_shards.erl"},{line,97}]},{fabric_doc_open,go,3,[{file,"src/fabric_doc_open.erl"},{line,39}]},{chttpd_auth_cache,ensure_auth_ddoc_exists,2,[{file,"src/chttpd_auth_cache.erl"},{line,198}]},{chttpd_auth_cache,listen_for_changes,1,[{file,"src/chttpd_auth_cache.erl"},{line,145}]}]}

[notice] 2022-06-28T10:53:58.203675Z nonode@nohost <0.390.0> -------- chttpd_auth_cache changes listener died because the _users database does not exist. Create the database to silence this notice.
[error] 2022-06-28T10:53:58.204052Z nonode@nohost emulator -------- Error in process <0.1153.0> with exit value:
{database_does_not_exist,[{mem3_shards,load_shards_from_db,"_users",[{file,"src/mem3_shards.erl"},{line,400}]},{mem3_shards,load_shards_from_disk,1,[{file,"src/mem3_shards.erl"},{line,375}]},{mem3_shards,load_shards_from_disk,2,[{file,"src/mem3_shards.erl"},{line,404}]},{mem3_shards,for_docid,3,[{file,"src/mem3_shards.erl"},{line,97}]},{fabric_doc_open,go,3,[{file,"src/fabric_doc_open.erl"},{line,39}]},{chttpd_auth_cache,ensure_auth_ddoc_exists,2,[{file,"src/chttpd_auth_cache.erl"},{line,198}]},{chttpd_auth_cache,listen_for_changes,1,[{file,"src/chttpd_auth_cache.erl"},{line,145}]}]}

[error] 2022-06-28T10:53:58.204218Z nonode@nohost emulator -------- Error in process <0.1153.0> with exit value:
{database_does_not_exist,[{mem3_shards,load_shards_from_db,"_users",[{file,"src/mem3_shards.erl"},{line,400}]},{mem3_shards,load_shards_from_disk,1,[{file,"src/mem3_shards.erl"},{line,375}]},{mem3_shards,load_shards_from_disk,2,[{file,"src/mem3_shards.erl"},{line,404}]},{mem3_shards,for_docid,3,[{file,"src/mem3_shards.erl"},{line,97}]},{fabric_doc_open,go,3,[{file,"src/fabric_doc_open.erl"},{line,39}]},{chttpd_auth_cache,ensure_auth_ddoc_exists,2,[{file,"src/chttpd_auth_cache.erl"},{line,198}]},{chttpd_auth_cache,listen_for_changes,1,[{file,"src/chttpd_auth_cache.erl"},{line,145}]}]}

[notice] 2022-06-28T10:54:03.204667Z nonode@nohost <0.390.0> -------- chttpd_auth_cache changes listener died because the _users database does not exist. Create the database to silence this notice.
[error] 2022-06-28T10:54:03.204741Z nonode@nohost emulator -------- Error in process <0.1202.0> with exit value:
{database_does_not_exist,[{mem3_shards,load_shards_from_db,"_users",[{file,"src/mem3_shards.erl"},{line,400}]},{mem3_shards,load_shards_from_disk,1,[{file,"src/mem3_shards.erl"},{line,375}]},{mem3_shards,load_shards_from_disk,2,[{file,"src/mem3_shards.erl"},{line,404}]},{mem3_shards,for_docid,3,[{file,"src/mem3_shards.erl"},{line,97}]},{fabric_doc_open,go,3,[{file,"src/fabric_doc_open.erl"},{line,39}]},{chttpd_auth_cache,ensure_auth_ddoc_exists,2,[{file,"src/chttpd_auth_cache.erl"},{line,198}]},{chttpd_auth_cache,listen_for_changes,1,[{file,"src/chttpd_auth_cache.erl"},{line,145}]}]}

[error] 2022-06-28T10:54:03.204825Z nonode@nohost emulator -------- Error in process <0.1202.0> with exit value:
{database_does_not_exist,[{mem3_shards,load_shards_from_db,"_users",[{file,"src/mem3_shards.erl"},{line,400}]},{mem3_shards,load_shards_from_disk,1,[{file,"src/mem3_shards.erl"},{line,375}]},{mem3_shards,load_shards_from_disk,2,[{file,"src/mem3_shards.erl"},{line,404}]},{mem3_shards,for_docid,3,[{file,"src/mem3_shards.erl"},{line,97}]},{fabric_doc_open,go,3,[{file,"src/fabric_doc_open.erl"},{line,39}]},{chttpd_auth_cache,ensure_auth_ddoc_exists,2,[{file,"src/chttpd_auth_cache.erl"},{line,198}]},{chttpd_auth_cache,listen_for_changes,1,[{file,"src/chttpd_auth_cache.erl"},{line,145}]}]}

[notice] 2022-06-28T10:54:08.205634Z nonode@nohost <0.390.0> -------- chttpd_auth_cache changes listener died because the _users database does not exist. Create the database to silence this notice.
[error] 2022-06-28T10:54:08.205875Z nonode@nohost emulator -------- Error in process <0.1235.0> with exit value:
{database_does_not_exist,[{mem3_shards,load_shards_from_db,"_users",[{file,"src/mem3_shards.erl"},{line,400}]},{mem3_shards,load_shards_from_disk,1,[{file,"src/mem3_shards.erl"},{line,375}]},{mem3_shards,load_shards_from_disk,2,[{file,"src/mem3_shards.erl"},{line,404}]},{mem3_shards,for_docid,3,[{file,"src/mem3_shards.erl"},{line,97}]},{fabric_doc_open,go,3,[{file,"src/fabric_doc_open.erl"},{line,39}]},{chttpd_auth_cache,ensure_auth_ddoc_exists,2,[{file,"src/chttpd_auth_cache.erl"},{line,198}]},{chttpd_auth_cache,listen_for_changes,1,[{file,"src/chttpd_auth_cache.erl"},{line,145}]}]}

[error] 2022-06-28T10:54:08.206012Z nonode@nohost emulator -------- Error in process <0.1235.0> with exit value:
{database_does_not_exist,[{mem3_shards,load_shards_from_db,"_users",[{file,"src/mem3_shards.erl"},{line,400}]},{mem3_shards,load_shards_from_disk,1,[{file,"src/mem3_shards.erl"},{line,375}]},{mem3_shards,load_shards_from_disk,2,[{file,"src/mem3_shards.erl"},{line,404}]},{mem3_shards,for_docid,3,[{file,"src/mem3_shards.erl"},{line,97}]},{fabric_doc_open,go,3,[{file,"src/fabric_doc_open.erl"},{line,39}]},{chttpd_auth_cache,ensure_auth_ddoc_exists,2,[{file,"src/chttpd_auth_cache.erl"},{line,198}]},{chttpd_auth_cache,listen_for_changes,1,[{file,"src/chttpd_auth_cache.erl"},{line,145}]}]}

[notice] 2022-06-28T10:54:13.206602Z nonode@nohost <0.390.0> -------- chttpd_auth_cache changes listener died because the _users database does not exist. Create the database to silence this notice.
[error] 2022-06-28T10:54:13.206767Z nonode@nohost emulator -------- Error in process <0.1284.0> with exit value:
{database_does_not_exist,[{mem3_shards,load_shards_from_db,"_users",[{file,"src/mem3_shards.erl"},{line,400}]},{mem3_shards,load_shards_from_disk,1,[{file,"src/mem3_shards.erl"},{line,375}]},{mem3_shards,load_shards_from_disk,2,[{file,"src/mem3_shards.erl"},{line,404}]},{mem3_shards,for_docid,3,[{file,"src/mem3_shards.erl"},{line,97}]},{fabric_doc_open,go,3,[{file,"src/fabric_doc_open.erl"},{line,39}]},{chttpd_auth_cache,ensure_auth_ddoc_exists,2,[{file,"src/chttpd_auth_cache.erl"},{line,198}]},{chttpd_auth_cache,listen_for_changes,1,[{file,"src/chttpd_auth_cache.erl"},{line,145}]}]}

[error] 2022-06-28T10:54:13.206843Z nonode@nohost emulator -------- Error in process <0.1284.0> with exit value:
{database_does_not_exist,[{mem3_shards,load_shards_from_db,"_users",[{file,"src/mem3_shards.erl"},{line,400}]},{mem3_shards,load_shards_from_disk,1,[{file,"src/mem3_shards.erl"},{line,375}]},{mem3_shards,load_shards_from_disk,2,[{file,"src/mem3_shards.erl"},{line,404}]},{mem3_shards,for_docid,3,[{file,"src/mem3_shards.erl"},{line,97}]},{fabric_doc_open,go,3,[{file,"src/fabric_doc_open.erl"},{line,39}]},{chttpd_auth_cache,ensure_auth_ddoc_exists,2,[{file,"src/chttpd_auth_cache.erl"},{line,198}]},{chttpd_auth_cache,listen_for_changes,1,[{file,"src/chttpd_auth_cache.erl"},{line,145}]}]}

[notice] 2022-06-28T10:54:18.207646Z nonode@nohost <0.390.0> -------- chttpd_auth_cache changes listener died because the _users database does not exist. Create the database to silence this notice.
[error] 2022-06-28T10:54:18.207814Z nonode@nohost emulator -------- Error in process <0.1317.0> with exit value:
{database_does_not_exist,[{mem3_shards,load_shards_from_db,"_users",[{file,"src/mem3_shards.erl"},{line,400}]},{mem3_shards,load_shards_from_disk,1,[{file,"src/mem3_shards.erl"},{line,375}]},{mem3_shards,load_shards_from_disk,2,[{file,"src/mem3_shards.erl"},{line,404}]},{mem3_shards,for_docid,3,[{file,"src/mem3_shards.erl"},{line,97}]},{fabric_doc_open,go,3,[{file,"src/fabric_doc_open.erl"},{line,39}]},{chttpd_auth_cache,ensure_auth_ddoc_exists,2,[{file,"src/chttpd_auth_cache.erl"},{line,198}]},{chttpd_auth_cache,listen_for_changes,1,[{file,"src/chttpd_auth_cache.erl"},{line,145}]}]}

[error] 2022-06-28T10:54:18.207901Z nonode@nohost emulator -------- Error in process <0.1317.0> with exit value:
{database_does_not_exist,[{mem3_shards,load_shards_from_db,"_users",[{file,"src/mem3_shards.erl"},{line,400}]},{mem3_shards,load_shards_from_disk,1,[{file,"src/mem3_shards.erl"},{line,375}]},{mem3_shards,load_shards_from_disk,2,[{file,"src/mem3_shards.erl"},{line,404}]},{mem3_shards,for_docid,3,[{file,"src/mem3_shards.erl"},{line,97}]},{fabric_doc_open,go,3,[{file,"src/fabric_doc_open.erl"},{line,39}]},{chttpd_auth_cache,ensure_auth_ddoc_exists,2,[{file,"src/chttpd_auth_cache.erl"},{line,198}]},{chttpd_auth_cache,listen_for_changes,1,[{file,"src/chttpd_auth_cache.erl"},{line,145}]}]}

[notice] 2022-06-28T10:54:23.208682Z nonode@nohost <0.390.0> -------- chttpd_auth_cache changes listener died because the _users database does not exist. Create the database to silence this notice.
[error] 2022-06-28T10:54:23.208874Z nonode@nohost emulator -------- Error in process <0.1366.0> with exit value:
{database_does_not_exist,[{mem3_shards,load_shards_from_db,"_users",[{file,"src/mem3_shards.erl"},{line,400}]},{mem3_shards,load_shards_from_disk,1,[{file,"src/mem3_shards.erl"},{line,375}]},{mem3_shards,load_shards_from_disk,2,[{file,"src/mem3_shards.erl"},{line,404}]},{mem3_shards,for_docid,3,[{file,"src/mem3_shards.erl"},{line,97}]},{fabric_doc_open,go,3,[{file,"src/fabric_doc_open.erl"},{line,39}]},{chttpd_auth_cache,ensure_auth_ddoc_exists,2,[{file,"src/chttpd_auth_cache.erl"},{line,198}]},{chttpd_auth_cache,listen_for_changes,1,[{file,"src/chttpd_auth_cache.erl"},{line,145}]}]}

[error] 2022-06-28T10:54:23.208990Z nonode@nohost emulator -------- Error in process <0.1366.0> with exit value:
{database_does_not_exist,[{mem3_shards,load_shards_from_db,"_users",[{file,"src/mem3_shards.erl"},{line,400}]},{mem3_shards,load_shards_from_disk,1,[{file,"src/mem3_shards.erl"},{line,375}]},{mem3_shards,load_shards_from_disk,2,[{file,"src/mem3_shards.erl"},{line,404}]},{mem3_shards,for_docid,3,[{file,"src/mem3_shards.erl"},{line,97}]},{fabric_doc_open,go,3,[{file,"src/fabric_doc_open.erl"},{line,39}]},{chttpd_auth_cache,ensure_auth_ddoc_exists,2,[{file,"src/chttpd_auth_cache.erl"},{line,198}]},{chttpd_auth_cache,listen_for_changes,1,[{file,"src/chttpd_auth_cache.erl"},{line,145}]}]}

[notice] 2022-06-28T10:54:28.209685Z nonode@nohost <0.390.0> -------- chttpd_auth_cache changes listener died because the _users database does not exist. Create the database to silence this notice.
[error] 2022-06-28T10:54:28.210009Z nonode@nohost emulator -------- Error in process <0.1399.0> with exit value:
{database_does_not_exist,[{mem3_shards,load_shards_from_db,"_users",[{file,"src/mem3_shards.erl"},{line,400}]},{mem3_shards,load_shards_from_disk,1,[{file,"src/mem3_shards.erl"},{line,375}]},{mem3_shards,load_shards_from_disk,2,[{file,"src/mem3_shards.erl"},{line,404}]},{mem3_shards,for_docid,3,[{file,"src/mem3_shards.erl"},{line,97}]},{fabric_doc_open,go,3,[{file,"src/fabric_doc_open.erl"},{line,39}]},{chttpd_auth_cache,ensure_auth_ddoc_exists,2,[{file,"src/chttpd_auth_cache.erl"},{line,198}]},{chttpd_auth_cache,listen_for_changes,1,[{file,"src/chttpd_auth_cache.erl"},{line,145}]}]}

[error] 2022-06-28T10:54:28.210124Z nonode@nohost emulator -------- Error in process <0.1399.0> with exit value:
{database_does_not_exist,[{mem3_shards,load_shards_from_db,"_users",[{file,"src/mem3_shards.erl"},{line,400}]},{mem3_shards,load_shards_from_disk,1,[{file,"src/mem3_shards.erl"},{line,375}]},{mem3_shards,load_shards_from_disk,2,[{file,"src/mem3_shards.erl"},{line,404}]},{mem3_shards,for_docid,3,[{file,"src/mem3_shards.erl"},{line,97}]},{fabric_doc_open,go,3,[{file,"src/fabric_doc_open.erl"},{line,39}]},{chttpd_auth_cache,ensure_auth_ddoc_exists,2,[{file,"src/chttpd_auth_cache.erl"},{line,198}]},{chttpd_auth_cache,listen_for_changes,1,[{file,"src/chttpd_auth_cache.erl"},{line,145}]}]}

[notice] 2022-06-28T10:54:33.210658Z nonode@nohost <0.390.0> -------- chttpd_auth_cache changes listener died because the _users database does not exist. Create the database to silence this notice.
[error] 2022-06-28T10:54:33.210988Z nonode@nohost emulator -------- Error in process <0.1448.0> with exit value:
{database_does_not_exist,[{mem3_shards,load_shards_from_db,"_users",[{file,"src/mem3_shards.erl"},{line,400}]},{mem3_shards,load_shards_from_disk,1,[{file,"src/mem3_shards.erl"},{line,375}]},{mem3_shards,load_shards_from_disk,2,[{file,"src/mem3_shards.erl"},{line,404}]},{mem3_shards,for_docid,3,[{file,"src/mem3_shards.erl"},{line,97}]},{fabric_doc_open,go,3,[{file,"src/fabric_doc_open.erl"},{line,39}]},{chttpd_auth_cache,ensure_auth_ddoc_exists,2,[{file,"src/chttpd_auth_cache.erl"},{line,198}]},{chttpd_auth_cache,listen_for_changes,1,[{file,"src/chttpd_auth_cache.erl"},{line,145}]}]}

[error] 2022-06-28T10:54:33.211121Z nonode@nohost emulator -------- Error in process <0.1448.0> with exit value:
{database_does_not_exist,[{mem3_shards,load_shards_from_db,"_users",[{file,"src/mem3_shards.erl"},{line,400}]},{mem3_shards,load_shards_from_disk,1,[{file,"src/mem3_shards.erl"},{line,375}]},{mem3_shards,load_shards_from_disk,2,[{file,"src/mem3_shards.erl"},{line,404}]},{mem3_shards,for_docid,3,[{file,"src/mem3_shards.erl"},{line,97}]},{fabric_doc_open,go,3,[{file,"src/fabric_doc_open.erl"},{line,39}]},{chttpd_auth_cache,ensure_auth_ddoc_exists,2,[{file,"src/chttpd_auth_cache.erl"},{line,198}]},{chttpd_auth_cache,listen_for_changes,1,[{file,"src/chttpd_auth_cache.erl"},{line,145}]}]}

[notice] 2022-06-28T10:54:38.211993Z nonode@nohost <0.390.0> -------- chttpd_auth_cache changes listener died because the _users database does not exist. Create the database to silence this notice.
[error] 2022-06-28T10:54:38.212592Z nonode@nohost emulator -------- Error in process <0.1482.0> with exit value:
{database_does_not_exist,[{mem3_shards,load_shards_from_db,"_users",[{file,"src/mem3_shards.erl"},{line,400}]},{mem3_shards,load_shards_from_disk,1,[{file,"src/mem3_shards.erl"},{line,375}]},{mem3_shards,load_shards_from_disk,2,[{file,"src/mem3_shards.erl"},{line,404}]},{mem3_shards,for_docid,3,[{file,"src/mem3_shards.erl"},{line,97}]},{fabric_doc_open,go,3,[{file,"src/fabric_doc_open.erl"},{line,39}]},{chttpd_auth_cache,ensure_auth_ddoc_exists,2,[{file,"src/chttpd_auth_cache.erl"},{line,198}]},{chttpd_auth_cache,listen_for_changes,1,[{file,"src/chttpd_auth_cache.erl"},{line,145}]}]}

[error] 2022-06-28T10:54:38.212789Z nonode@nohost emulator -------- Error in process <0.1482.0> with exit value:
{database_does_not_exist,[{mem3_shards,load_shards_from_db,"_users",[{file,"src/mem3_shards.erl"},{line,400}]},{mem3_shards,load_shards_from_disk,1,[{file,"src/mem3_shards.erl"},{line,375}]},{mem3_shards,load_shards_from_disk,2,[{file,"src/mem3_shards.erl"},{line,404}]},{mem3_shards,for_docid,3,[{file,"src/mem3_shards.erl"},{line,97}]},{fabric_doc_open,go,3,[{file,"src/fabric_doc_open.erl"},{line,39}]},{chttpd_auth_cache,ensure_auth_ddoc_exists,2,[{file,"src/chttpd_auth_cache.erl"},{line,198}]},{chttpd_auth_cache,listen_for_changes,1,[{file,"src/chttpd_auth_cache.erl"},{line,145}]}]}

[notice] 2022-06-28T10:54:43.220929Z nonode@nohost <0.390.0> -------- chttpd_auth_cache changes listener died because the _users database does not exist. Create the database to silence this notice.
[error] 2022-06-28T10:54:43.221231Z nonode@nohost emulator -------- Error in process <0.1531.0> with exit value:
{database_does_not_exist,[{mem3_shards,load_shards_from_db,"_users",[{file,"src/mem3_shards.erl"},{line,400}]},{mem3_shards,load_shards_from_disk,1,[{file,"src/mem3_shards.erl"},{line,375}]},{mem3_shards,load_shards_from_disk,2,[{file,"src/mem3_shards.erl"},{line,404}]},{mem3_shards,for_docid,3,[{file,"src/mem3_shards.erl"},{line,97}]},{fabric_doc_open,go,3,[{file,"src/fabric_doc_open.erl"},{line,39}]},{chttpd_auth_cache,ensure_auth_ddoc_exists,2,[{file,"src/chttpd_auth_cache.erl"},{line,198}]},{chttpd_auth_cache,listen_for_changes,1,[{file,"src/chttpd_auth_cache.erl"},{line,145}]}]}

[error] 2022-06-28T10:54:43.221370Z nonode@nohost emulator -------- Error in process <0.1531.0> with exit value:
{database_does_not_exist,[{mem3_shards,load_shards_from_db,"_users",[{file,"src/mem3_shards.erl"},{line,400}]},{mem3_shards,load_shards_from_disk,1,[{file,"src/mem3_shards.erl"},{line,375}]},{mem3_shards,load_shards_from_disk,2,[{file,"src/mem3_shards.erl"},{line,404}]},{mem3_shards,for_docid,3,[{file,"src/mem3_shards.erl"},{line,97}]},{fabric_doc_open,go,3,[{file,"src/fabric_doc_open.erl"},{line,39}]},{chttpd_auth_cache,ensure_auth_ddoc_exists,2,[{file,"src/chttpd_auth_cache.erl"},{line,198}]},{chttpd_auth_cache,listen_for_changes,1,[{file,"src/chttpd_auth_cache.erl"},{line,145}]}]}

[notice] 2022-06-28T10:54:48.222024Z nonode@nohost <0.390.0> -------- chttpd_auth_cache changes listener died because the _users database does not exist. Create the database to silence this notice.
[error] 2022-06-28T10:54:48.222410Z nonode@nohost emulator -------- Error in process <0.1567.0> with exit value:
{database_does_not_exist,[{mem3_shards,load_shards_from_db,"_users",[{file,"src/mem3_shards.erl"},{line,400}]},{mem3_shards,load_shards_from_disk,1,[{file,"src/mem3_shards.erl"},{line,375}]},{mem3_shards,load_shards_from_disk,2,[{file,"src/mem3_shards.erl"},{line,404}]},{mem3_shards,for_docid,3,[{file,"src/mem3_shards.erl"},{line,97}]},{fabric_doc_open,go,3,[{file,"src/fabric_doc_open.erl"},{line,39}]},{chttpd_auth_cache,ensure_auth_ddoc_exists,2,[{file,"src/chttpd_auth_cache.erl"},{line,198}]},{chttpd_auth_cache,listen_for_changes,1,[{file,"src/chttpd_auth_cache.erl"},{line,145}]}]}

[error] 2022-06-28T10:54:48.222599Z nonode@nohost emulator -------- Error in process <0.1567.0> with exit value:
{database_does_not_exist,[{mem3_shards,load_shards_from_db,"_users",[{file,"src/mem3_shards.erl"},{line,400}]},{mem3_shards,load_shards_from_disk,1,[{file,"src/mem3_shards.erl"},{line,375}]},{mem3_shards,load_shards_from_disk,2,[{file,"src/mem3_shards.erl"},{line,404}]},{mem3_shards,for_docid,3,[{file,"src/mem3_shards.erl"},{line,97}]},{fabric_doc_open,go,3,[{file,"src/fabric_doc_open.erl"},{line,39}]},{chttpd_auth_cache,ensure_auth_ddoc_exists,2,[{file,"src/chttpd_auth_cache.erl"},{line,198}]},{chttpd_auth_cache,listen_for_changes,1,[{file,"src/chttpd_auth_cache.erl"},{line,145}]}]}

[notice] 2022-06-28T10:54:53.222710Z nonode@nohost <0.390.0> -------- chttpd_auth_cache changes listener died because the _users database does not exist. Create the database to silence this notice.
[error] 2022-06-28T10:54:53.222885Z nonode@nohost emulator -------- Error in process <0.1616.0> with exit value:
{database_does_not_exist,[{mem3_shards,load_shards_from_db,"_users",[{file,"src/mem3_shards.erl"},{line,400}]},{mem3_shards,load_shards_from_disk,1,[{file,"src/mem3_shards.erl"},{line,375}]},{mem3_shards,load_shards_from_disk,2,[{file,"src/mem3_shards.erl"},{line,404}]},{mem3_shards,for_docid,3,[{file,"src/mem3_shards.erl"},{line,97}]},{fabric_doc_open,go,3,[{file,"src/fabric_doc_open.erl"},{line,39}]},{chttpd_auth_cache,ensure_auth_ddoc_exists,2,[{file,"src/chttpd_auth_cache.erl"},{line,198}]},{chttpd_auth_cache,listen_for_changes,1,[{file,"src/chttpd_auth_cache.erl"},{line,145}]}]}

[error] 2022-06-28T10:54:53.222975Z nonode@nohost emulator -------- Error in process <0.1616.0> with exit value:
{database_does_not_exist,[{mem3_shards,load_shards_from_db,"_users",[{file,"src/mem3_shards.erl"},{line,400}]},{mem3_shards,load_shards_from_disk,1,[{file,"src/mem3_shards.erl"},{line,375}]},{mem3_shards,load_shards_from_disk,2,[{file,"src/mem3_shards.erl"},{line,404}]},{mem3_shards,for_docid,3,[{file,"src/mem3_shards.erl"},{line,97}]},{fabric_doc_open,go,3,[{file,"src/fabric_doc_open.erl"},{line,39}]},{chttpd_auth_cache,ensure_auth_ddoc_exists,2,[{file,"src/chttpd_auth_cache.erl"},{line,198}]},{chttpd_auth_cache,listen_for_changes,1,[{file,"src/chttpd_auth_cache.erl"},{line,145}]}]}

[notice] 2022-06-28T10:54:58.223875Z nonode@nohost <0.390.0> -------- chttpd_auth_cache changes listener died because the _users database does not exist. Create the database to silence this notice.
[error] 2022-06-28T10:54:58.224382Z nonode@nohost emulator -------- Error in process <0.1649.0> with exit value:
{database_does_not_exist,[{mem3_shards,load_shards_from_db,"_users",[{file,"src/mem3_shards.erl"},{line,400}]},{mem3_shards,load_shards_from_disk,1,[{file,"src/mem3_shards.erl"},{line,375}]},{mem3_shards,load_shards_from_disk,2,[{file,"src/mem3_shards.erl"},{line,404}]},{mem3_shards,for_docid,3,[{file,"src/mem3_shards.erl"},{line,97}]},{fabric_doc_open,go,3,[{file,"src/fabric_doc_open.erl"},{line,39}]},{chttpd_auth_cache,ensure_auth_ddoc_exists,2,[{file,"src/chttpd_auth_cache.erl"},{line,198}]},{chttpd_auth_cache,listen_for_changes,1,[{file,"src/chttpd_auth_cache.erl"},{line,145}]}]}

[error] 2022-06-28T10:54:58.224559Z nonode@nohost emulator -------- Error in process <0.1649.0> with exit value:
{database_does_not_exist,[{mem3_shards,load_shards_from_db,"_users",[{file,"src/mem3_shards.erl"},{line,400}]},{mem3_shards,load_shards_from_disk,1,[{file,"src/mem3_shards.erl"},{line,375}]},{mem3_shards,load_shards_from_disk,2,[{file,"src/mem3_shards.erl"},{line,404}]},{mem3_shards,for_docid,3,[{file,"src/mem3_shards.erl"},{line,97}]},{fabric_doc_open,go,3,[{file,"src/fabric_doc_open.erl"},{line,39}]},{chttpd_auth_cache,ensure_auth_ddoc_exists,2,[{file,"src/chttpd_auth_cache.erl"},{line,198}]},{chttpd_auth_cache,listen_for_changes,1,[{file,"src/chttpd_auth_cache.erl"},{line,145}]}]}

[notice] 2022-06-28T10:55:03.224686Z nonode@nohost <0.390.0> -------- chttpd_auth_cache changes listener died because the _users database does not exist. Create the database to silence this notice.
[error] 2022-06-28T10:55:03.225035Z nonode@nohost emulator -------- Error in process <0.1698.0> with exit value:
{database_does_not_exist,[{mem3_shards,load_shards_from_db,"_users",[{file,"src/mem3_shards.erl"},{line,400}]},{mem3_shards,load_shards_from_disk,1,[{file,"src/mem3_shards.erl"},{line,375}]},{mem3_shards,load_shards_from_disk,2,[{file,"src/mem3_shards.erl"},{line,404}]},{mem3_shards,for_docid,3,[{file,"src/mem3_shards.erl"},{line,97}]},{fabric_doc_open,go,3,[{file,"src/fabric_doc_open.erl"},{line,39}]},{chttpd_auth_cache,ensure_auth_ddoc_exists,2,[{file,"src/chttpd_auth_cache.erl"},{line,198}]},{chttpd_auth_cache,listen_for_changes,1,[{file,"src/chttpd_auth_cache.erl"},{line,145}]}]}

[error] 2022-06-28T10:55:03.225195Z nonode@nohost emulator -------- Error in process <0.1698.0> with exit value:
{database_does_not_exist,[{mem3_shards,load_shards_from_db,"_users",[{file,"src/mem3_shards.erl"},{line,400}]},{mem3_shards,load_shards_from_disk,1,[{file,"src/mem3_shards.erl"},{line,375}]},{mem3_shards,load_shards_from_disk,2,[{file,"src/mem3_shards.erl"},{line,404}]},{mem3_shards,for_docid,3,[{file,"src/mem3_shards.erl"},{line,97}]},{fabric_doc_open,go,3,[{file,"src/fabric_doc_open.erl"},{line,39}]},{chttpd_auth_cache,ensure_auth_ddoc_exists,2,[{file,"src/chttpd_auth_cache.erl"},{line,198}]},{chttpd_auth_cache,listen_for_changes,1,[{file,"src/chttpd_auth_cache.erl"},{line,145}]}]}

[notice] 2022-06-28T10:55:08.225702Z nonode@nohost <0.390.0> -------- chttpd_auth_cache changes listener died because the _users database does not exist. Create the database to silence this notice.
[error] 2022-06-28T10:55:08.226098Z nonode@nohost emulator -------- Error in process <0.1731.0> with exit value:
{database_does_not_exist,[{mem3_shards,load_shards_from_db,"_users",[{file,"src/mem3_shards.erl"},{line,400}]},{mem3_shards,load_shards_from_disk,1,[{file,"src/mem3_shards.erl"},{line,375}]},{mem3_shards,load_shards_from_disk,2,[{file,"src/mem3_shards.erl"},{line,404}]},{mem3_shards,for_docid,3,[{file,"src/mem3_shards.erl"},{line,97}]},{fabric_doc_open,go,3,[{file,"src/fabric_doc_open.erl"},{line,39}]},{chttpd_auth_cache,ensure_auth_ddoc_exists,2,[{file,"src/chttpd_auth_cache.erl"},{line,198}]},{chttpd_auth_cache,listen_for_changes,1,[{file,"src/chttpd_auth_cache.erl"},{line,145}]}]}

[error] 2022-06-28T10:55:08.226264Z nonode@nohost emulator -------- Error in process <0.1731.0> with exit value:
{database_does_not_exist,[{mem3_shards,load_shards_from_db,"_users",[{file,"src/mem3_shards.erl"},{line,400}]},{mem3_shards,load_shards_from_disk,1,[{file,"src/mem3_shards.erl"},{line,375}]},{mem3_shards,load_shards_from_disk,2,[{file,"src/mem3_shards.erl"},{line,404}]},{mem3_shards,for_docid,3,[{file,"src/mem3_shards.erl"},{line,97}]},{fabric_doc_open,go,3,[{file,"src/fabric_doc_open.erl"},{line,39}]},{chttpd_auth_cache,ensure_auth_ddoc_exists,2,[{file,"src/chttpd_auth_cache.erl"},{line,198}]},{chttpd_auth_cache,listen_for_changes,1,[{file,"src/chttpd_auth_cache.erl"},{line,145}]}]}

[notice] 2022-06-28T10:55:13.226762Z nonode@nohost <0.390.0> -------- chttpd_auth_cache changes listener died because the _users database does not exist. Create the database to silence this notice.
[error] 2022-06-28T10:55:13.227029Z nonode@nohost emulator -------- Error in process <0.1780.0> with exit value:
{database_does_not_exist,[{mem3_shards,load_shards_from_db,"_users",[{file,"src/mem3_shards.erl"},{line,400}]},{mem3_shards,load_shards_from_disk,1,[{file,"src/mem3_shards.erl"},{line,375}]},{mem3_shards,load_shards_from_disk,2,[{file,"src/mem3_shards.erl"},{line,404}]},{mem3_shards,for_docid,3,[{file,"src/mem3_shards.erl"},{line,97}]},{fabric_doc_open,go,3,[{file,"src/fabric_doc_open.erl"},{line,39}]},{chttpd_auth_cache,ensure_auth_ddoc_exists,2,[{file,"src/chttpd_auth_cache.erl"},{line,198}]},{chttpd_auth_cache,listen_for_changes,1,[{file,"src/chttpd_auth_cache.erl"},{line,145}]}]}

[error] 2022-06-28T10:55:13.227164Z nonode@nohost emulator -------- Error in process <0.1780.0> with exit value:
{database_does_not_exist,[{mem3_shards,load_shards_from_db,"_users",[{file,"src/mem3_shards.erl"},{line,400}]},{mem3_shards,load_shards_from_disk,1,[{file,"src/mem3_shards.erl"},{line,375}]},{mem3_shards,load_shards_from_disk,2,[{file,"src/mem3_shards.erl"},{line,404}]},{mem3_shards,for_docid,3,[{file,"src/mem3_shards.erl"},{line,97}]},{fabric_doc_open,go,3,[{file,"src/fabric_doc_open.erl"},{line,39}]},{chttpd_auth_cache,ensure_auth_ddoc_exists,2,[{file,"src/chttpd_auth_cache.erl"},{line,198}]},{chttpd_auth_cache,listen_for_changes,1,[{file,"src/chttpd_auth_cache.erl"},{line,145}]}]}

[notice] 2022-06-28T10:55:18.227944Z nonode@nohost <0.390.0> -------- chttpd_auth_cache changes listener died because the _users database does not exist. Create the database to silence this notice.
[error] 2022-06-28T10:55:18.228244Z nonode@nohost emulator -------- Error in process <0.1813.0> with exit value:
{database_does_not_exist,[{mem3_shards,load_shards_from_db,"_users",[{file,"src/mem3_shards.erl"},{line,400}]},{mem3_shards,load_shards_from_disk,1,[{file,"src/mem3_shards.erl"},{line,375}]},{mem3_shards,load_shards_from_disk,2,[{file,"src/mem3_shards.erl"},{line,404}]},{mem3_shards,for_docid,3,[{file,"src/mem3_shards.erl"},{line,97}]},{fabric_doc_open,go,3,[{file,"src/fabric_doc_open.erl"},{line,39}]},{chttpd_auth_cache,ensure_auth_ddoc_exists,2,[{file,"src/chttpd_auth_cache.erl"},{line,198}]},{chttpd_auth_cache,listen_for_changes,1,[{file,"src/chttpd_auth_cache.erl"},{line,145}]}]}

[error] 2022-06-28T10:55:18.228372Z nonode@nohost emulator -------- Error in process <0.1813.0> with exit value:
{database_does_not_exist,[{mem3_shards,load_shards_from_db,"_users",[{file,"src/mem3_shards.erl"},{line,400}]},{mem3_shards,load_shards_from_disk,1,[{file,"src/mem3_shards.erl"},{line,375}]},{mem3_shards,load_shards_from_disk,2,[{file,"src/mem3_shards.erl"},{line,404}]},{mem3_shards,for_docid,3,[{file,"src/mem3_shards.erl"},{line,97}]},{fabric_doc_open,go,3,[{file,"src/fabric_doc_open.erl"},{line,39}]},{chttpd_auth_cache,ensure_auth_ddoc_exists,2,[{file,"src/chttpd_auth_cache.erl"},{line,198}]},{chttpd_auth_cache,listen_for_changes,1,[{file,"src/chttpd_auth_cache.erl"},{line,145}]}]}

[notice] 2022-06-28T10:55:23.228802Z nonode@nohost <0.390.0> -------- chttpd_auth_cache changes listener died because the _users database does not exist. Create the database to silence this notice.
[error] 2022-06-28T10:55:23.229097Z nonode@nohost emulator -------- Error in process <0.1862.0> with exit value:
{database_does_not_exist,[{mem3_shards,load_shards_from_db,"_users",[{file,"src/mem3_shards.erl"},{line,400}]},{mem3_shards,load_shards_from_disk,1,[{file,"src/mem3_shards.erl"},{line,375}]},{mem3_shards,load_shards_from_disk,2,[{file,"src/mem3_shards.erl"},{line,404}]},{mem3_shards,for_docid,3,[{file,"src/mem3_shards.erl"},{line,97}]},{fabric_doc_open,go,3,[{file,"src/fabric_doc_open.erl"},{line,39}]},{chttpd_auth_cache,ensure_auth_ddoc_exists,2,[{file,"src/chttpd_auth_cache.erl"},{line,198}]},{chttpd_auth_cache,listen_for_changes,1,[{file,"src/chttpd_auth_cache.erl"},{line,145}]}]}

[error] 2022-06-28T10:55:23.229222Z nonode@nohost emulator -------- Error in process <0.1862.0> with exit value:
{database_does_not_exist,[{mem3_shards,load_shards_from_db,"_users",[{file,"src/mem3_shards.erl"},{line,400}]},{mem3_shards,load_shards_from_disk,1,[{file,"src/mem3_shards.erl"},{line,375}]},{mem3_shards,load_shards_from_disk,2,[{file,"src/mem3_shards.erl"},{line,404}]},{mem3_shards,for_docid,3,[{file,"src/mem3_shards.erl"},{line,97}]},{fabric_doc_open,go,3,[{file,"src/fabric_doc_open.erl"},{line,39}]},{chttpd_auth_cache,ensure_auth_ddoc_exists,2,[{file,"src/chttpd_auth_cache.erl"},{line,198}]},{chttpd_auth_cache,listen_for_changes,1,[{file,"src/chttpd_auth_cache.erl"},{line,145}]}]}

[notice] 2022-06-28T10:55:28.229728Z nonode@nohost <0.390.0> -------- chttpd_auth_cache changes listener died because the _users database does not exist. Create the database to silence this notice.
[error] 2022-06-28T10:55:28.230151Z nonode@nohost emulator -------- Error in process <0.1895.0> with exit value:
{database_does_not_exist,[{mem3_shards,load_shards_from_db,"_users",[{file,"src/mem3_shards.erl"},{line,400}]},{mem3_shards,load_shards_from_disk,1,[{file,"src/mem3_shards.erl"},{line,375}]},{mem3_shards,load_shards_from_disk,2,[{file,"src/mem3_shards.erl"},{line,404}]},{mem3_shards,for_docid,3,[{file,"src/mem3_shards.erl"},{line,97}]},{fabric_doc_open,go,3,[{file,"src/fabric_doc_open.erl"},{line,39}]},{chttpd_auth_cache,ensure_auth_ddoc_exists,2,[{file,"src/chttpd_auth_cache.erl"},{line,198}]},{chttpd_auth_cache,listen_for_changes,1,[{file,"src/chttpd_auth_cache.erl"},{line,145}]}]}

[error] 2022-06-28T10:55:28.230317Z nonode@nohost emulator -------- Error in process <0.1895.0> with exit value:
{database_does_not_exist,[{mem3_shards,load_shards_from_db,"_users",[{file,"src/mem3_shards.erl"},{line,400}]},{mem3_shards,load_shards_from_disk,1,[{file,"src/mem3_shards.erl"},{line,375}]},{mem3_shards,load_shards_from_disk,2,[{file,"src/mem3_shards.erl"},{line,404}]},{mem3_shards,for_docid,3,[{file,"src/mem3_shards.erl"},{line,97}]},{fabric_doc_open,go,3,[{file,"src/fabric_doc_open.erl"},{line,39}]},{chttpd_auth_cache,ensure_auth_ddoc_exists,2,[{file,"src/chttpd_auth_cache.erl"},{line,198}]},{chttpd_auth_cache,listen_for_changes,1,[{file,"src/chttpd_auth_cache.erl"},{line,145}]}]}

[notice] 2022-06-28T10:55:33.230681Z nonode@nohost <0.390.0> -------- chttpd_auth_cache changes listener died because the _users database does not exist. Create the database to silence this notice.
[error] 2022-06-28T10:55:33.230949Z nonode@nohost emulator -------- Error in process <0.1944.0> with exit value:
{database_does_not_exist,[{mem3_shards,load_shards_from_db,"_users",[{file,"src/mem3_shards.erl"},{line,400}]},{mem3_shards,load_shards_from_disk,1,[{file,"src/mem3_shards.erl"},{line,375}]},{mem3_shards,load_shards_from_disk,2,[{file,"src/mem3_shards.erl"},{line,404}]},{mem3_shards,for_docid,3,[{file,"src/mem3_shards.erl"},{line,97}]},{fabric_doc_open,go,3,[{file,"src/fabric_doc_open.erl"},{line,39}]},{chttpd_auth_cache,ensure_auth_ddoc_exists,2,[{file,"src/chttpd_auth_cache.erl"},{line,198}]},{chttpd_auth_cache,listen_for_changes,1,[{file,"src/chttpd_auth_cache.erl"},{line,145}]}]}

[error] 2022-06-28T10:55:33.231083Z nonode@nohost emulator -------- Error in process <0.1944.0> with exit value:
{database_does_not_exist,[{mem3_shards,load_shards_from_db,"_users",[{file,"src/mem3_shards.erl"},{line,400}]},{mem3_shards,load_shards_from_disk,1,[{file,"src/mem3_shards.erl"},{line,375}]},{mem3_shards,load_shards_from_disk,2,[{file,"src/mem3_shards.erl"},{line,404}]},{mem3_shards,for_docid,3,[{file,"src/mem3_shards.erl"},{line,97}]},{fabric_doc_open,go,3,[{file,"src/fabric_doc_open.erl"},{line,39}]},{chttpd_auth_cache,ensure_auth_ddoc_exists,2,[{file,"src/chttpd_auth_cache.erl"},{line,198}]},{chttpd_auth_cache,listen_for_changes,1,[{file,"src/chttpd_auth_cache.erl"},{line,145}]}]}

[notice] 2022-06-28T10:55:38.231792Z nonode@nohost <0.390.0> -------- chttpd_auth_cache changes listener died because the _users database does not exist. Create the database to silence this notice.
[error] 2022-06-28T10:55:38.232227Z nonode@nohost emulator -------- Error in process <0.1977.0> with exit value:
{database_does_not_exist,[{mem3_shards,load_shards_from_db,"_users",[{file,"src/mem3_shards.erl"},{line,400}]},{mem3_shards,load_shards_from_disk,1,[{file,"src/mem3_shards.erl"},{line,375}]},{mem3_shards,load_shards_from_disk,2,[{file,"src/mem3_shards.erl"},{line,404}]},{mem3_shards,for_docid,3,[{file,"src/mem3_shards.erl"},{line,97}]},{fabric_doc_open,go,3,[{file,"src/fabric_doc_open.erl"},{line,39}]},{chttpd_auth_cache,ensure_auth_ddoc_exists,2,[{file,"src/chttpd_auth_cache.erl"},{line,198}]},{chttpd_auth_cache,listen_for_changes,1,[{file,"src/chttpd_auth_cache.erl"},{line,145}]}]}

[error] 2022-06-28T10:55:38.232492Z nonode@nohost emulator -------- Error in process <0.1977.0> with exit value:
{database_does_not_exist,[{mem3_shards,load_shards_from_db,"_users",[{file,"src/mem3_shards.erl"},{line,400}]},{mem3_shards,load_shards_from_disk,1,[{file,"src/mem3_shards.erl"},{line,375}]},{mem3_shards,load_shards_from_disk,2,[{file,"src/mem3_shards.erl"},{line,404}]},{mem3_shards,for_docid,3,[{file,"src/mem3_shards.erl"},{line,97}]},{fabric_doc_open,go,3,[{file,"src/fabric_doc_open.erl"},{line,39}]},{chttpd_auth_cache,ensure_auth_ddoc_exists,2,[{file,"src/chttpd_auth_cache.erl"},{line,198}]},{chttpd_auth_cache,listen_for_changes,1,[{file,"src/chttpd_auth_cache.erl"},{line,145}]}]}

[notice] 2022-06-28T10:55:43.232636Z nonode@nohost <0.390.0> -------- chttpd_auth_cache changes listener died because the _users database does not exist. Create the database to silence this notice.
[error] 2022-06-28T10:55:43.232887Z nonode@nohost emulator -------- Error in process <0.2026.0> with exit value:
{database_does_not_exist,[{mem3_shards,load_shards_from_db,"_users",[{file,"src/mem3_shards.erl"},{line,400}]},{mem3_shards,load_shards_from_disk,1,[{file,"src/mem3_shards.erl"},{line,375}]},{mem3_shards,load_shards_from_disk,2,[{file,"src/mem3_shards.erl"},{line,404}]},{mem3_shards,for_docid,3,[{file,"src/mem3_shards.erl"},{line,97}]},{fabric_doc_open,go,3,[{file,"src/fabric_doc_open.erl"},{line,39}]},{chttpd_auth_cache,ensure_auth_ddoc_exists,2,[{file,"src/chttpd_auth_cache.erl"},{line,198}]},{chttpd_auth_cache,listen_for_changes,1,[{file,"src/chttpd_auth_cache.erl"},{line,145}]}]}

[error] 2022-06-28T10:55:43.233007Z nonode@nohost emulator -------- Error in process <0.2026.0> with exit value:
{database_does_not_exist,[{mem3_shards,load_shards_from_db,"_users",[{file,"src/mem3_shards.erl"},{line,400}]},{mem3_shards,load_shards_from_disk,1,[{file,"src/mem3_shards.erl"},{line,375}]},{mem3_shards,load_shards_from_disk,2,[{file,"src/mem3_shards.erl"},{line,404}]},{mem3_shards,for_docid,3,[{file,"src/mem3_shards.erl"},{line,97}]},{fabric_doc_open,go,3,[{file,"src/fabric_doc_open.erl"},{line,39}]},{chttpd_auth_cache,ensure_auth_ddoc_exists,2,[{file,"src/chttpd_auth_cache.erl"},{line,198}]},{chttpd_auth_cache,listen_for_changes,1,[{file,"src/chttpd_auth_cache.erl"},{line,145}]}]}

[notice] 2022-06-28T10:55:48.237469Z nonode@nohost <0.390.0> -------- chttpd_auth_cache changes listener died because the _users database does not exist. Create the database to silence this notice.
[error] 2022-06-28T10:55:48.237768Z nonode@nohost emulator -------- Error in process <0.2059.0> with exit value:
{database_does_not_exist,[{mem3_shards,load_shards_from_db,"_users",[{file,"src/mem3_shards.erl"},{line,400}]},{mem3_shards,load_shards_from_disk,1,[{file,"src/mem3_shards.erl"},{line,375}]},{mem3_shards,load_shards_from_disk,2,[{file,"src/mem3_shards.erl"},{line,404}]},{mem3_shards,for_docid,3,[{file,"src/mem3_shards.erl"},{line,97}]},{fabric_doc_open,go,3,[{file,"src/fabric_doc_open.erl"},{line,39}]},{chttpd_auth_cache,ensure_auth_ddoc_exists,2,[{file,"src/chttpd_auth_cache.erl"},{line,198}]},{chttpd_auth_cache,listen_for_changes,1,[{file,"src/chttpd_auth_cache.erl"},{line,145}]}]}

[error] 2022-06-28T10:55:48.237856Z nonode@nohost emulator -------- Error in process <0.2059.0> with exit value:
{database_does_not_exist,[{mem3_shards,load_shards_from_db,"_users",[{file,"src/mem3_shards.erl"},{line,400}]},{mem3_shards,load_shards_from_disk,1,[{file,"src/mem3_shards.erl"},{line,375}]},{mem3_shards,load_shards_from_disk,2,[{file,"src/mem3_shards.erl"},{line,404}]},{mem3_shards,for_docid,3,[{file,"src/mem3_shards.erl"},{line,97}]},{fabric_doc_open,go,3,[{file,"src/fabric_doc_open.erl"},{line,39}]},{chttpd_auth_cache,ensure_auth_ddoc_exists,2,[{file,"src/chttpd_auth_cache.erl"},{line,198}]},{chttpd_auth_cache,listen_for_changes,1,[{file,"src/chttpd_auth_cache.erl"},{line,145}]}]}

[notice] 2022-06-28T10:55:53.238668Z nonode@nohost <0.390.0> -------- chttpd_auth_cache changes listener died because the _users database does not exist. Create the database to silence this notice.
[error] 2022-06-28T10:55:53.238886Z nonode@nohost emulator -------- Error in process <0.2111.0> with exit value:
{database_does_not_exist,[{mem3_shards,load_shards_from_db,"_users",[{file,"src/mem3_shards.erl"},{line,400}]},{mem3_shards,load_shards_from_disk,1,[{file,"src/mem3_shards.erl"},{line,375}]},{mem3_shards,load_shards_from_disk,2,[{file,"src/mem3_shards.erl"},{line,404}]},{mem3_shards,for_docid,3,[{file,"src/mem3_shards.erl"},{line,97}]},{fabric_doc_open,go,3,[{file,"src/fabric_doc_open.erl"},{line,39}]},{chttpd_auth_cache,ensure_auth_ddoc_exists,2,[{file,"src/chttpd_auth_cache.erl"},{line,198}]},{chttpd_auth_cache,listen_for_changes,1,[{file,"src/chttpd_auth_cache.erl"},{line,145}]}]}

[error] 2022-06-28T10:55:53.238960Z nonode@nohost emulator -------- Error in process <0.2111.0> with exit value:
{database_does_not_exist,[{mem3_shards,load_shards_from_db,"_users",[{file,"src/mem3_shards.erl"},{line,400}]},{mem3_shards,load_shards_from_disk,1,[{file,"src/mem3_shards.erl"},{line,375}]},{mem3_shards,load_shards_from_disk,2,[{file,"src/mem3_shards.erl"},{line,404}]},{mem3_shards,for_docid,3,[{file,"src/mem3_shards.erl"},{line,97}]},{fabric_doc_open,go,3,[{file,"src/fabric_doc_open.erl"},{line,39}]},{chttpd_auth_cache,ensure_auth_ddoc_exists,2,[{file,"src/chttpd_auth_cache.erl"},{line,198}]},{chttpd_auth_cache,listen_for_changes,1,[{file,"src/chttpd_auth_cache.erl"},{line,145}]}]}

[notice] 2022-06-28T10:55:58.239641Z nonode@nohost <0.390.0> -------- chttpd_auth_cache changes listener died because the _users database does not exist. Create the database to silence this notice.
[error] 2022-06-28T10:55:58.239936Z nonode@nohost emulator -------- Error in process <0.2144.0> with exit value:
{database_does_not_exist,[{mem3_shards,load_shards_from_db,"_users",[{file,"src/mem3_shards.erl"},{line,400}]},{mem3_shards,load_shards_from_disk,1,[{file,"src/mem3_shards.erl"},{line,375}]},{mem3_shards,load_shards_from_disk,2,[{file,"src/mem3_shards.erl"},{line,404}]},{mem3_shards,for_docid,3,[{file,"src/mem3_shards.erl"},{line,97}]},{fabric_doc_open,go,3,[{file,"src/fabric_doc_open.erl"},{line,39}]},{chttpd_auth_cache,ensure_auth_ddoc_exists,2,[{file,"src/chttpd_auth_cache.erl"},{line,198}]},{chttpd_auth_cache,listen_for_changes,1,[{file,"src/chttpd_auth_cache.erl"},{line,145}]}]}

[error] 2022-06-28T10:55:58.240056Z nonode@nohost emulator -------- Error in process <0.2144.0> with exit value:
{database_does_not_exist,[{mem3_shards,load_shards_from_db,"_users",[{file,"src/mem3_shards.erl"},{line,400}]},{mem3_shards,load_shards_from_disk,1,[{file,"src/mem3_shards.erl"},{line,375}]},{mem3_shards,load_shards_from_disk,2,[{file,"src/mem3_shards.erl"},{line,404}]},{mem3_shards,for_docid,3,[{file,"src/mem3_shards.erl"},{line,97}]},{fabric_doc_open,go,3,[{file,"src/fabric_doc_open.erl"},{line,39}]},{chttpd_auth_cache,ensure_auth_ddoc_exists,2,[{file,"src/chttpd_auth_cache.erl"},{line,198}]},{chttpd_auth_cache,listen_for_changes,1,[{file,"src/chttpd_auth_cache.erl"},{line,145}]}]}

[notice] 2022-06-28T10:56:03.240652Z nonode@nohost <0.390.0> -------- chttpd_auth_cache changes listener died because the _users database does not exist. Create the database to silence this notice.
[error] 2022-06-28T10:56:03.240879Z nonode@nohost emulator -------- Error in process <0.2193.0> with exit value:
{database_does_not_exist,[{mem3_shards,load_shards_from_db,"_users",[{file,"src/mem3_shards.erl"},{line,400}]},{mem3_shards,load_shards_from_disk,1,[{file,"src/mem3_shards.erl"},{line,375}]},{mem3_shards,load_shards_from_disk,2,[{file,"src/mem3_shards.erl"},{line,404}]},{mem3_shards,for_docid,3,[{file,"src/mem3_shards.erl"},{line,97}]},{fabric_doc_open,go,3,[{file,"src/fabric_doc_open.erl"},{line,39}]},{chttpd_auth_cache,ensure_auth_ddoc_exists,2,[{file,"src/chttpd_auth_cache.erl"},{line,198}]},{chttpd_auth_cache,listen_for_changes,1,[{file,"src/chttpd_auth_cache.erl"},{line,145}]}]}

[error] 2022-06-28T10:56:03.241001Z nonode@nohost emulator -------- Error in process <0.2193.0> with exit value:
{database_does_not_exist,[{mem3_shards,load_shards_from_db,"_users",[{file,"src/mem3_shards.erl"},{line,400}]},{mem3_shards,load_shards_from_disk,1,[{file,"src/mem3_shards.erl"},{line,375}]},{mem3_shards,load_shards_from_disk,2,[{file,"src/mem3_shards.erl"},{line,404}]},{mem3_shards,for_docid,3,[{file,"src/mem3_shards.erl"},{line,97}]},{fabric_doc_open,go,3,[{file,"src/fabric_doc_open.erl"},{line,39}]},{chttpd_auth_cache,ensure_auth_ddoc_exists,2,[{file,"src/chttpd_auth_cache.erl"},{line,198}]},{chttpd_auth_cache,listen_for_changes,1,[{file,"src/chttpd_auth_cache.erl"},{line,145}]}]}

[notice] 2022-06-28T10:56:08.241656Z nonode@nohost <0.390.0> -------- chttpd_auth_cache changes listener died because the _users database does not exist. Create the database to silence this notice.
[error] 2022-06-28T10:56:08.241935Z nonode@nohost emulator -------- Error in process <0.2226.0> with exit value:
{database_does_not_exist,[{mem3_shards,load_shards_from_db,"_users",[{file,"src/mem3_shards.erl"},{line,400}]},{mem3_shards,load_shards_from_disk,1,[{file,"src/mem3_shards.erl"},{line,375}]},{mem3_shards,load_shards_from_disk,2,[{file,"src/mem3_shards.erl"},{line,404}]},{mem3_shards,for_docid,3,[{file,"src/mem3_shards.erl"},{line,97}]},{fabric_doc_open,go,3,[{file,"src/fabric_doc_open.erl"},{line,39}]},{chttpd_auth_cache,ensure_auth_ddoc_exists,2,[{file,"src/chttpd_auth_cache.erl"},{line,198}]},{chttpd_auth_cache,listen_for_changes,1,[{file,"src/chttpd_auth_cache.erl"},{line,145}]}]}

[error] 2022-06-28T10:56:08.242049Z nonode@nohost emulator -------- Error in process <0.2226.0> with exit value:
{database_does_not_exist,[{mem3_shards,load_shards_from_db,"_users",[{file,"src/mem3_shards.erl"},{line,400}]},{mem3_shards,load_shards_from_disk,1,[{file,"src/mem3_shards.erl"},{line,375}]},{mem3_shards,load_shards_from_disk,2,[{file,"src/mem3_shards.erl"},{line,404}]},{mem3_shards,for_docid,3,[{file,"src/mem3_shards.erl"},{line,97}]},{fabric_doc_open,go,3,[{file,"src/fabric_doc_open.erl"},{line,39}]},{chttpd_auth_cache,ensure_auth_ddoc_exists,2,[{file,"src/chttpd_auth_cache.erl"},{line,198}]},{chttpd_auth_cache,listen_for_changes,1,[{file,"src/chttpd_auth_cache.erl"},{line,145}]}]}

[notice] 2022-06-28T10:56:13.243022Z nonode@nohost <0.390.0> -------- chttpd_auth_cache changes listener died because the _users database does not exist. Create the database to silence this notice.
[error] 2022-06-28T10:56:13.243442Z nonode@nohost emulator -------- Error in process <0.2275.0> with exit value:
{database_does_not_exist,[{mem3_shards,load_shards_from_db,"_users",[{file,"src/mem3_shards.erl"},{line,400}]},{mem3_shards,load_shards_from_disk,1,[{file,"src/mem3_shards.erl"},{line,375}]},{mem3_shards,load_shards_from_disk,2,[{file,"src/mem3_shards.erl"},{line,404}]},{mem3_shards,for_docid,3,[{file,"src/mem3_shards.erl"},{line,97}]},{fabric_doc_open,go,3,[{file,"src/fabric_doc_open.erl"},{line,39}]},{chttpd_auth_cache,ensure_auth_ddoc_exists,2,[{file,"src/chttpd_auth_cache.erl"},{line,198}]},{chttpd_auth_cache,listen_for_changes,1,[{file,"src/chttpd_auth_cache.erl"},{line,145}]}]}

[error] 2022-06-28T10:56:13.243672Z nonode@nohost emulator -------- Error in process <0.2275.0> with exit value:
{database_does_not_exist,[{mem3_shards,load_shards_from_db,"_users",[{file,"src/mem3_shards.erl"},{line,400}]},{mem3_shards,load_shards_from_disk,1,[{file,"src/mem3_shards.erl"},{line,375}]},{mem3_shards,load_shards_from_disk,2,[{file,"src/mem3_shards.erl"},{line,404}]},{mem3_shards,for_docid,3,[{file,"src/mem3_shards.erl"},{line,97}]},{fabric_doc_open,go,3,[{file,"src/fabric_doc_open.erl"},{line,39}]},{chttpd_auth_cache,ensure_auth_ddoc_exists,2,[{file,"src/chttpd_auth_cache.erl"},{line,198}]},{chttpd_auth_cache,listen_for_changes,1,[{file,"src/chttpd_auth_cache.erl"},{line,145}]}]}

[notice] 2022-06-28T10:56:18.243654Z nonode@nohost <0.390.0> -------- chttpd_auth_cache changes listener died because the _users database does not exist. Create the database to silence this notice.
[error] 2022-06-28T10:56:18.243941Z nonode@nohost emulator -------- Error in process <0.2308.0> with exit value:
{database_does_not_exist,[{mem3_shards,load_shards_from_db,"_users",[{file,"src/mem3_shards.erl"},{line,400}]},{mem3_shards,load_shards_from_disk,1,[{file,"src/mem3_shards.erl"},{line,375}]},{mem3_shards,load_shards_from_disk,2,[{file,"src/mem3_shards.erl"},{line,404}]},{mem3_shards,for_docid,3,[{file,"src/mem3_shards.erl"},{line,97}]},{fabric_doc_open,go,3,[{file,"src/fabric_doc_open.erl"},{line,39}]},{chttpd_auth_cache,ensure_auth_ddoc_exists,2,[{file,"src/chttpd_auth_cache.erl"},{line,198}]},{chttpd_auth_cache,listen_for_changes,1,[{file,"src/chttpd_auth_cache.erl"},{line,145}]}]}

[error] 2022-06-28T10:56:18.244070Z nonode@nohost emulator -------- Error in process <0.2308.0> with exit value:
{database_does_not_exist,[{mem3_shards,load_shards_from_db,"_users",[{file,"src/mem3_shards.erl"},{line,400}]},{mem3_shards,load_shards_from_disk,1,[{file,"src/mem3_shards.erl"},{line,375}]},{mem3_shards,load_shards_from_disk,2,[{file,"src/mem3_shards.erl"},{line,404}]},{mem3_shards,for_docid,3,[{file,"src/mem3_shards.erl"},{line,97}]},{fabric_doc_open,go,3,[{file,"src/fabric_doc_open.erl"},{line,39}]},{chttpd_auth_cache,ensure_auth_ddoc_exists,2,[{file,"src/chttpd_auth_cache.erl"},{line,198}]},{chttpd_auth_cache,listen_for_changes,1,[{file,"src/chttpd_auth_cache.erl"},{line,145}]}]}

[notice] 2022-06-28T10:56:23.244752Z nonode@nohost <0.390.0> -------- chttpd_auth_cache changes listener died because the _users database does not exist. Create the database to silence this notice.
[error] 2022-06-28T10:56:23.245004Z nonode@nohost emulator -------- Error in process <0.2357.0> with exit value:
{database_does_not_exist,[{mem3_shards,load_shards_from_db,"_users",[{file,"src/mem3_shards.erl"},{line,400}]},{mem3_shards,load_shards_from_disk,1,[{file,"src/mem3_shards.erl"},{line,375}]},{mem3_shards,load_shards_from_disk,2,[{file,"src/mem3_shards.erl"},{line,404}]},{mem3_shards,for_docid,3,[{file,"src/mem3_shards.erl"},{line,97}]},{fabric_doc_open,go,3,[{file,"src/fabric_doc_open.erl"},{line,39}]},{chttpd_auth_cache,ensure_auth_ddoc_exists,2,[{file,"src/chttpd_auth_cache.erl"},{line,198}]},{chttpd_auth_cache,listen_for_changes,1,[{file,"src/chttpd_auth_cache.erl"},{line,145}]}]}

[error] 2022-06-28T10:56:23.245114Z nonode@nohost emulator -------- Error in process <0.2357.0> with exit value:
{database_does_not_exist,[{mem3_shards,load_shards_from_db,"_users",[{file,"src/mem3_shards.erl"},{line,400}]},{mem3_shards,load_shards_from_disk,1,[{file,"src/mem3_shards.erl"},{line,375}]},{mem3_shards,load_shards_from_disk,2,[{file,"src/mem3_shards.erl"},{line,404}]},{mem3_shards,for_docid,3,[{file,"src/mem3_shards.erl"},{line,97}]},{fabric_doc_open,go,3,[{file,"src/fabric_doc_open.erl"},{line,39}]},{chttpd_auth_cache,ensure_auth_ddoc_exists,2,[{file,"src/chttpd_auth_cache.erl"},{line,198}]},{chttpd_auth_cache,listen_for_changes,1,[{file,"src/chttpd_auth_cache.erl"},{line,145}]}]}

[notice] 2022-06-28T10:56:28.245656Z nonode@nohost <0.390.0> -------- chttpd_auth_cache changes listener died because the _users database does not exist. Create the database to silence this notice.
[error] 2022-06-28T10:56:28.245914Z nonode@nohost emulator -------- Error in process <0.2390.0> with exit value:
{database_does_not_exist,[{mem3_shards,load_shards_from_db,"_users",[{file,"src/mem3_shards.erl"},{line,400}]},{mem3_shards,load_shards_from_disk,1,[{file,"src/mem3_shards.erl"},{line,375}]},{mem3_shards,load_shards_from_disk,2,[{file,"src/mem3_shards.erl"},{line,404}]},{mem3_shards,for_docid,3,[{file,"src/mem3_shards.erl"},{line,97}]},{fabric_doc_open,go,3,[{file,"src/fabric_doc_open.erl"},{line,39}]},{chttpd_auth_cache,ensure_auth_ddoc_exists,2,[{file,"src/chttpd_auth_cache.erl"},{line,198}]},{chttpd_auth_cache,listen_for_changes,1,[{file,"src/chttpd_auth_cache.erl"},{line,145}]}]}

[error] 2022-06-28T10:56:28.246034Z nonode@nohost emulator -------- Error in process <0.2390.0> with exit value:
{database_does_not_exist,[{mem3_shards,load_shards_from_db,"_users",[{file,"src/mem3_shards.erl"},{line,400}]},{mem3_shards,load_shards_from_disk,1,[{file,"src/mem3_shards.erl"},{line,375}]},{mem3_shards,load_shards_from_disk,2,[{file,"src/mem3_shards.erl"},{line,404}]},{mem3_shards,for_docid,3,[{file,"src/mem3_shards.erl"},{line,97}]},{fabric_doc_open,go,3,[{file,"src/fabric_doc_open.erl"},{line,39}]},{chttpd_auth_cache,ensure_auth_ddoc_exists,2,[{file,"src/chttpd_auth_cache.erl"},{line,198}]},{chttpd_auth_cache,listen_for_changes,1,[{file,"src/chttpd_auth_cache.erl"},{line,145}]}]}

^P^^M

[notice] 2022-06-28T10:56:33.246789Z nonode@nohost <0.390.0> -------- chttpd_auth_cache changes listener died because the _users database does not exist. Create the database to silence this notice.
[error] 2022-06-28T10:56:33.247231Z nonode@nohost emulator -------- Error in process <0.2439.0> with exit value:
{database_does_not_exist,[{mem3_shards,load_shards_from_db,"_users",[{file,"src/mem3_shards.erl"},{line,400}]},{mem3_shards,load_shards_from_disk,1,[{file,"src/mem3_shards.erl"},{line,375}]},{mem3_shards,load_shards_from_disk,2,[{file,"src/mem3_shards.erl"},{line,404}]},{mem3_shards,for_docid,3,[{file,"src/mem3_shards.erl"},{line,97}]},{fabric_doc_open,go,3,[{file,"src/fabric_doc_open.erl"},{line,39}]},{chttpd_auth_cache,ensure_auth_ddoc_exists,2,[{file,"src/chttpd_auth_cache.erl"},{line,198}]},{chttpd_auth_cache,listen_for_changes,1,[{file,"src/chttpd_auth_cache.erl"},{line,145}]}]}

[error] 2022-06-28T10:56:33.247430Z nonode@nohost emulator -------- Error in process <0.2439.0> with exit value:
{database_does_not_exist,[{mem3_shards,load_shards_from_db,"_users",[{file,"src/mem3_shards.erl"},{line,400}]},{mem3_shards,load_shards_from_disk,1,[{file,"src/mem3_shards.erl"},{line,375}]},{mem3_shards,load_shards_from_disk,2,[{file,"src/mem3_shards.erl"},{line,404}]},{mem3_shards,for_docid,3,[{file,"src/mem3_shards.erl"},{line,97}]},{fabric_doc_open,go,3,[{file,"src/fabric_doc_open.erl"},{line,39}]},{chttpd_auth_cache,ensure_auth_ddoc_exists,2,[{file,"src/chttpd_auth_cache.erl"},{line,198}]},{chttpd_auth_cache,listen_for_changes,1,[{file,"src/chttpd_auth_cache.erl"},{line,145}]}]}

[notice] 2022-06-28T10:56:38.247560Z nonode@nohost <0.390.0> -------- chttpd_auth_cache changes listener died because the _users database does not exist. Create the database to silence this notice.
[error] 2022-06-28T10:56:38.247827Z nonode@nohost emulator -------- Error in process <0.2473.0> with exit value:
{database_does_not_exist,[{mem3_shards,load_shards_from_db,"_users",[{file,"src/mem3_shards.erl"},{line,400}]},{mem3_shards,load_shards_from_disk,1,[{file,"src/mem3_shards.erl"},{line,375}]},{mem3_shards,load_shards_from_disk,2,[{file,"src/mem3_shards.erl"},{line,404}]},{mem3_shards,for_docid,3,[{file,"src/mem3_shards.erl"},{line,97}]},{fabric_doc_open,go,3,[{file,"src/fabric_doc_open.erl"},{line,39}]},{chttpd_auth_cache,ensure_auth_ddoc_exists,2,[{file,"src/chttpd_auth_cache.erl"},{line,198}]},{chttpd_auth_cache,listen_for_changes,1,[{file,"src/chttpd_auth_cache.erl"},{line,145}]}]}

[error] 2022-06-28T10:56:38.247957Z nonode@nohost emulator -------- Error in process <0.2473.0> with exit value:
{database_does_not_exist,[{mem3_shards,load_shards_from_db,"_users",[{file,"src/mem3_shards.erl"},{line,400}]},{mem3_shards,load_shards_from_disk,1,[{file,"src/mem3_shards.erl"},{line,375}]},{mem3_shards,load_shards_from_disk,2,[{file,"src/mem3_shards.erl"},{line,404}]},{mem3_shards,for_docid,3,[{file,"src/mem3_shards.erl"},{line,97}]},{fabric_doc_open,go,3,[{file,"src/fabric_doc_open.erl"},{line,39}]},{chttpd_auth_cache,ensure_auth_ddoc_exists,2,[{file,"src/chttpd_auth_cache.erl"},{line,198}]},{chttpd_auth_cache,listen_for_changes,1,[{file,"src/chttpd_auth_cache.erl"},{line,145}]}]}

[notice] 2022-06-28T10:56:43.248817Z nonode@nohost <0.390.0> -------- chttpd_auth_cache changes listener died because the _users database does not exist. Create the database to silence this notice.
[error] 2022-06-28T10:56:43.249240Z nonode@nohost emulator -------- Error in process <0.2522.0> with exit value:
{database_does_not_exist,[{mem3_shards,load_shards_from_db,"_users",[{file,"src/mem3_shards.erl"},{line,400}]},{mem3_shards,load_shards_from_disk,1,[{file,"src/mem3_shards.erl"},{line,375}]},{mem3_shards,load_shards_from_disk,2,[{file,"src/mem3_shards.erl"},{line,404}]},{mem3_shards,for_docid,3,[{file,"src/mem3_shards.erl"},{line,97}]},{fabric_doc_open,go,3,[{file,"src/fabric_doc_open.erl"},{line,39}]},{chttpd_auth_cache,ensure_auth_ddoc_exists,2,[{file,"src/chttpd_auth_cache.erl"},{line,198}]},{chttpd_auth_cache,listen_for_changes,1,[{file,"src/chttpd_auth_cache.erl"},{line,145}]}]}

[error] 2022-06-28T10:56:43.249463Z nonode@nohost emulator -------- Error in process <0.2522.0> with exit value:
{database_does_not_exist,[{mem3_shards,load_shards_from_db,"_users",[{file,"src/mem3_shards.erl"},{line,400}]},{mem3_shards,load_shards_from_disk,1,[{file,"src/mem3_shards.erl"},{line,375}]},{mem3_shards,load_shards_from_disk,2,[{file,"src/mem3_shards.erl"},{line,404}]},{mem3_shards,for_docid,3,[{file,"src/mem3_shards.erl"},{line,97}]},{fabric_doc_open,go,3,[{file,"src/fabric_doc_open.erl"},{line,39}]},{chttpd_auth_cache,ensure_auth_ddoc_exists,2,[{file,"src/chttpd_auth_cache.erl"},{line,198}]},{chttpd_auth_cache,listen_for_changes,1,[{file,"src/chttpd_auth_cache.erl"},{line,145}]}]}

[notice] 2022-06-28T10:56:48.249761Z nonode@nohost <0.390.0> -------- chttpd_auth_cache changes listener died because the _users database does not exist. Create the database to silence this notice.
[error] 2022-06-28T10:56:48.250210Z nonode@nohost emulator -------- Error in process <0.2555.0> with exit value:
{database_does_not_exist,[{mem3_shards,load_shards_from_db,"_users",[{file,"src/mem3_shards.erl"},{line,400}]},{mem3_shards,load_shards_from_disk,1,[{file,"src/mem3_shards.erl"},{line,375}]},{mem3_shards,load_shards_from_disk,2,[{file,"src/mem3_shards.erl"},{line,404}]},{mem3_shards,for_docid,3,[{file,"src/mem3_shards.erl"},{line,97}]},{fabric_doc_open,go,3,[{file,"src/fabric_doc_open.erl"},{line,39}]},{chttpd_auth_cache,ensure_auth_ddoc_exists,2,[{file,"src/chttpd_auth_cache.erl"},{line,198}]},{chttpd_auth_cache,listen_for_changes,1,[{file,"src/chttpd_auth_cache.erl"},{line,145}]}]}

[error] 2022-06-28T10:56:48.250365Z nonode@nohost emulator -------- Error in process <0.2555.0> with exit value:
{database_does_not_exist,[{mem3_shards,load_shards_from_db,"_users",[{file,"src/mem3_shards.erl"},{line,400}]},{mem3_shards,load_shards_from_disk,1,[{file,"src/mem3_shards.erl"},{line,375}]},{mem3_shards,load_shards_from_disk,2,[{file,"src/mem3_shards.erl"},{line,404}]},{mem3_shards,for_docid,3,[{file,"src/mem3_shards.erl"},{line,97}]},{fabric_doc_open,go,3,[{file,"src/fabric_doc_open.erl"},{line,39}]},{chttpd_auth_cache,ensure_auth_ddoc_exists,2,[{file,"src/chttpd_auth_cache.erl"},{line,198}]},{chttpd_auth_cache,listen_for_changes,1,[{file,"src/chttpd_auth_cache.erl"},{line,145}]}]}

[notice] 2022-06-28T10:56:53.250673Z nonode@nohost <0.390.0> -------- chttpd_auth_cache changes listener died because the _users database does not exist. Create the database to silence this notice.
[error] 2022-06-28T10:56:53.250951Z nonode@nohost emulator -------- Error in process <0.2604.0> with exit value:
{database_does_not_exist,[{mem3_shards,load_shards_from_db,"_users",[{file,"src/mem3_shards.erl"},{line,400}]},{mem3_shards,load_shards_from_disk,1,[{file,"src/mem3_shards.erl"},{line,375}]},{mem3_shards,load_shards_from_disk,2,[{file,"src/mem3_shards.erl"},{line,404}]},{mem3_shards,for_docid,3,[{file,"src/mem3_shards.erl"},{line,97}]},{fabric_doc_open,go,3,[{file,"src/fabric_doc_open.erl"},{line,39}]},{chttpd_auth_cache,ensure_auth_ddoc_exists,2,[{file,"src/chttpd_auth_cache.erl"},{line,198}]},{chttpd_auth_cache,listen_for_changes,1,[{file,"src/chttpd_auth_cache.erl"},{line,145}]}]}

[error] 2022-06-28T10:56:53.251069Z nonode@nohost emulator -------- Error in process <0.2604.0> with exit value:
{database_does_not_exist,[{mem3_shards,load_shards_from_db,"_users",[{file,"src/mem3_shards.erl"},{line,400}]},{mem3_shards,load_shards_from_disk,1,[{file,"src/mem3_shards.erl"},{line,375}]},{mem3_shards,load_shards_from_disk,2,[{file,"src/mem3_shards.erl"},{line,404}]},{mem3_shards,for_docid,3,[{file,"src/mem3_shards.erl"},{line,97}]},{fabric_doc_open,go,3,[{file,"src/fabric_doc_open.erl"},{line,39}]},{chttpd_auth_cache,ensure_auth_ddoc_exists,2,[{file,"src/chttpd_auth_cache.erl"},{line,198}]},{chttpd_auth_cache,listen_for_changes,1,[{file,"src/chttpd_auth_cache.erl"},{line,145}]}]}

[notice] 2022-06-28T10:56:58.251608Z nonode@nohost <0.390.0> -------- chttpd_auth_cache changes listener died because the _users database does not exist. Create the database to silence this notice.
[error] 2022-06-28T10:56:58.251904Z nonode@nohost emulator -------- Error in process <0.2637.0> with exit value:
{database_does_not_exist,[{mem3_shards,load_shards_from_db,"_users",[{file,"src/mem3_shards.erl"},{line,400}]},{mem3_shards,load_shards_from_disk,1,[{file,"src/mem3_shards.erl"},{line,375}]},{mem3_shards,load_shards_from_disk,2,[{file,"src/mem3_shards.erl"},{line,404}]},{mem3_shards,for_docid,3,[{file,"src/mem3_shards.erl"},{line,97}]},{fabric_doc_open,go,3,[{file,"src/fabric_doc_open.erl"},{line,39}]},{chttpd_auth_cache,ensure_auth_ddoc_exists,2,[{file,"src/chttpd_auth_cache.erl"},{line,198}]},{chttpd_auth_cache,listen_for_changes,1,[{file,"src/chttpd_auth_cache.erl"},{line,145}]}]}

[error] 2022-06-28T10:56:58.252126Z nonode@nohost emulator -------- Error in process <0.2637.0> with exit value:
{database_does_not_exist,[{mem3_shards,load_shards_from_db,"_users",[{file,"src/mem3_shards.erl"},{line,400}]},{mem3_shards,load_shards_from_disk,1,[{file,"src/mem3_shards.erl"},{line,375}]},{mem3_shards,load_shards_from_disk,2,[{file,"src/mem3_shards.erl"},{line,404}]},{mem3_shards,for_docid,3,[{file,"src/mem3_shards.erl"},{line,97}]},{fabric_doc_open,go,3,[{file,"src/fabric_doc_open.erl"},{line,39}]},{chttpd_auth_cache,ensure_auth_ddoc_exists,2,[{file,"src/chttpd_auth_cache.erl"},{line,198}]},{chttpd_auth_cache,listen_for_changes,1,[{file,"src/chttpd_auth_cache.erl"},{line,145}]}]}

[notice] 2022-06-28T10:57:03.252727Z nonode@nohost <0.390.0> -------- chttpd_auth_cache changes listener died because the _users database does not exist. Create the database to silence this notice.
[error] 2022-06-28T10:57:03.252987Z nonode@nohost emulator -------- Error in process <0.2686.0> with exit value:
{database_does_not_exist,[{mem3_shards,load_shards_from_db,"_users",[{file,"src/mem3_shards.erl"},{line,400}]},{mem3_shards,load_shards_from_disk,1,[{file,"src/mem3_shards.erl"},{line,375}]},{mem3_shards,load_shards_from_disk,2,[{file,"src/mem3_shards.erl"},{line,404}]},{mem3_shards,for_docid,3,[{file,"src/mem3_shards.erl"},{line,97}]},{fabric_doc_open,go,3,[{file,"src/fabric_doc_open.erl"},{line,39}]},{chttpd_auth_cache,ensure_auth_ddoc_exists,2,[{file,"src/chttpd_auth_cache.erl"},{line,198}]},{chttpd_auth_cache,listen_for_changes,1,[{file,"src/chttpd_auth_cache.erl"},{line,145}]}]}

[error] 2022-06-28T10:57:03.253115Z nonode@nohost emulator -------- Error in process <0.2686.0> with exit value:
{database_does_not_exist,[{mem3_shards,load_shards_from_db,"_users",[{file,"src/mem3_shards.erl"},{line,400}]},{mem3_shards,load_shards_from_disk,1,[{file,"src/mem3_shards.erl"},{line,375}]},{mem3_shards,load_shards_from_disk,2,[{file,"src/mem3_shards.erl"},{line,404}]},{mem3_shards,for_docid,3,[{file,"src/mem3_shards.erl"},{line,97}]},{fabric_doc_open,go,3,[{file,"src/fabric_doc_open.erl"},{line,39}]},{chttpd_auth_cache,ensure_auth_ddoc_exists,2,[{file,"src/chttpd_auth_cache.erl"},{line,198}]},{chttpd_auth_cache,listen_for_changes,1,[{file,"src/chttpd_auth_cache.erl"},{line,145}]}]}

[notice] 2022-06-28T10:57:08.253667Z nonode@nohost <0.390.0> -------- chttpd_auth_cache changes listener died because the _users database does not exist. Create the database to silence this notice.
[error] 2022-06-28T10:57:08.253991Z nonode@nohost emulator -------- Error in process <0.2719.0> with exit value:
{database_does_not_exist,[{mem3_shards,load_shards_from_db,"_users",[{file,"src/mem3_shards.erl"},{line,400}]},{mem3_shards,load_shards_from_disk,1,[{file,"src/mem3_shards.erl"},{line,375}]},{mem3_shards,load_shards_from_disk,2,[{file,"src/mem3_shards.erl"},{line,404}]},{mem3_shards,for_docid,3,[{file,"src/mem3_shards.erl"},{line,97}]},{fabric_doc_open,go,3,[{file,"src/fabric_doc_open.erl"},{line,39}]},{chttpd_auth_cache,ensure_auth_ddoc_exists,2,[{file,"src/chttpd_auth_cache.erl"},{line,198}]},{chttpd_auth_cache,listen_for_changes,1,[{file,"src/chttpd_auth_cache.erl"},{line,145}]}]}

[error] 2022-06-28T10:57:08.254139Z nonode@nohost emulator -------- Error in process <0.2719.0> with exit value:
{database_does_not_exist,[{mem3_shards,load_shards_from_db,"_users",[{file,"src/mem3_shards.erl"},{line,400}]},{mem3_shards,load_shards_from_disk,1,[{file,"src/mem3_shards.erl"},{line,375}]},{mem3_shards,load_shards_from_disk,2,[{file,"src/mem3_shards.erl"},{line,404}]},{mem3_shards,for_docid,3,[{file,"src/mem3_shards.erl"},{line,97}]},{fabric_doc_open,go,3,[{file,"src/fabric_doc_open.erl"},{line,39}]},{chttpd_auth_cache,ensure_auth_ddoc_exists,2,[{file,"src/chttpd_auth_cache.erl"},{line,198}]},{chttpd_auth_cache,listen_for_changes,1,[{file,"src/chttpd_auth_cache.erl"},{line,145}]}]}

[info] 2022-06-28T10:57:12.459311Z nonode@nohost <0.34.0> -------- SIGTERM received - shutting down

[info] 2022-06-28T10:57:12.459347Z nonode@nohost <0.34.0> -------- SIGTERM received - shutting down

